[debug] [2026-03-07T23:51:57.375Z] ----------------------------------------------------------------------
[debug] [2026-03-07T23:51:57.379Z] Command:       C:\Program Files\nodejs\node.exe C:\Users\User\AppData\Roaming\npm\node_modules\firebase-tools\lib\bin\firebase.js deploy
[debug] [2026-03-07T23:51:57.379Z] CLI Version:   15.5.1
[debug] [2026-03-07T23:51:57.380Z] Platform:      win32
[debug] [2026-03-07T23:51:57.380Z] Node Version:  v22.18.0
[debug] [2026-03-07T23:51:57.380Z] Time:          Sat Mar 07 2026 18:51:57 GMT-0500 (Eastern Standard Time)
[debug] [2026-03-07T23:51:57.380Z] ----------------------------------------------------------------------
[debug] 
[debug] [2026-03-07T23:52:00.028Z] > command requires scopes: ["email","openid","https://www.googleapis.com/auth/cloudplatformprojects.readonly","https://www.googleapis.com/auth/firebase","https://www.googleapis.com/auth/cloud-platform"]
[debug] [2026-03-07T23:52:00.028Z] > authorizing via signed-in user (janatamavi.edu@gmail.com)
[debug] [2026-03-07T23:52:00.028Z] [iam] checking project janatamavi-edu for permissions ["cloudfunctions.functions.create","cloudfunctions.functions.delete","cloudfunctions.functions.get","cloudfunctions.functions.list","cloudfunctions.functions.update","cloudfunctions.operations.get","datastore.indexes.create","datastore.indexes.delete","datastore.indexes.list","datastore.indexes.update","firebase.projects.get","firebasehosting.sites.update","firebaserules.releases.create","firebaserules.releases.update","firebaserules.rulesets.create"]
[debug] [2026-03-07T23:52:00.030Z] Checked if tokens are valid: false, expires at: 1772927523255
[debug] [2026-03-07T23:52:00.030Z] Checked if tokens are valid: false, expires at: 1772927523255
[debug] [2026-03-07T23:52:00.030Z] > refreshing access token with scopes: []
[debug] [2026-03-07T23:52:00.033Z] >>> [apiv2][query] POST https://www.googleapis.com/oauth2/v3/token [none]
[debug] [2026-03-07T23:52:00.033Z] >>> [apiv2][body] POST https://www.googleapis.com/oauth2/v3/token [omitted]
[debug] [2026-03-07T23:52:00.291Z] <<< [apiv2][status] POST https://www.googleapis.com/oauth2/v3/token 200
[debug] [2026-03-07T23:52:00.291Z] <<< [apiv2][body] POST https://www.googleapis.com/oauth2/v3/token [omitted]
[debug] [2026-03-07T23:52:00.299Z] >>> [apiv2][query] POST https://cloudresourcemanager.googleapis.com/v1/projects/janatamavi-edu:testIamPermissions [none]
[debug] [2026-03-07T23:52:00.299Z] >>> [apiv2][(partial)header] POST https://cloudresourcemanager.googleapis.com/v1/projects/janatamavi-edu:testIamPermissions  x-goog-user-project=janatamavi-edu
[debug] [2026-03-07T23:52:00.299Z] >>> [apiv2][body] POST https://cloudresourcemanager.googleapis.com/v1/projects/janatamavi-edu:testIamPermissions {"permissions":["cloudfunctions.functions.create","cloudfunctions.functions.delete","cloudfunctions.functions.get","cloudfunctions.functions.list","cloudfunctions.functions.update","cloudfunctions.operations.get","datastore.indexes.create","datastore.indexes.delete","datastore.indexes.list","datastore.indexes.update","firebase.projects.get","firebasehosting.sites.update","firebaserules.releases.create","firebaserules.releases.update","firebaserules.rulesets.create"]}
[debug] [2026-03-07T23:52:00.613Z] <<< [apiv2][status] POST https://cloudresourcemanager.googleapis.com/v1/projects/janatamavi-edu:testIamPermissions 200
[debug] [2026-03-07T23:52:00.614Z] <<< [apiv2][body] POST https://cloudresourcemanager.googleapis.com/v1/projects/janatamavi-edu:testIamPermissions {"permissions":["cloudfunctions.functions.create","cloudfunctions.functions.delete","cloudfunctions.functions.get","cloudfunctions.functions.list","cloudfunctions.functions.update","cloudfunctions.operations.get","datastore.indexes.create","datastore.indexes.delete","datastore.indexes.list","datastore.indexes.update","firebase.projects.get","firebasehosting.sites.update","firebaserules.releases.create","firebaserules.releases.update","firebaserules.rulesets.create"]}
[debug] [2026-03-07T23:52:00.614Z] Checked if tokens are valid: true, expires at: 1772931119292
[debug] [2026-03-07T23:52:00.615Z] Checked if tokens are valid: true, expires at: 1772931119292
[debug] [2026-03-07T23:52:00.615Z] >>> [apiv2][query] POST https://iam.googleapis.com/v1/projects/janatamavi-edu/serviceAccounts/janatamavi-edu@appspot.gserviceaccount.com:testIamPermissions [none]
[debug] [2026-03-07T23:52:00.615Z] >>> [apiv2][body] POST https://iam.googleapis.com/v1/projects/janatamavi-edu/serviceAccounts/janatamavi-edu@appspot.gserviceaccount.com:testIamPermissions {"permissions":["iam.serviceAccounts.actAs"]}
[debug] [2026-03-07T23:52:00.924Z] <<< [apiv2][status] POST https://iam.googleapis.com/v1/projects/janatamavi-edu/serviceAccounts/janatamavi-edu@appspot.gserviceaccount.com:testIamPermissions 200
[debug] [2026-03-07T23:52:00.924Z] <<< [apiv2][body] POST https://iam.googleapis.com/v1/projects/janatamavi-edu/serviceAccounts/janatamavi-edu@appspot.gserviceaccount.com:testIamPermissions {"permissions":["iam.serviceAccounts.actAs"]}
[debug] [2026-03-07T23:52:00.926Z] Checked if tokens are valid: true, expires at: 1772931119292
[debug] [2026-03-07T23:52:00.926Z] Checked if tokens are valid: true, expires at: 1772931119292
[debug] [2026-03-07T23:52:00.927Z] >>> [apiv2][query] GET https://firebase.googleapis.com/v1beta1/projects/janatamavi-edu [none]
[debug] [2026-03-07T23:52:01.284Z] <<< [apiv2][status] GET https://firebase.googleapis.com/v1beta1/projects/janatamavi-edu 200
[debug] [2026-03-07T23:52:01.285Z] <<< [apiv2][body] GET https://firebase.googleapis.com/v1beta1/projects/janatamavi-edu {"projectId":"janatamavi-edu","projectNumber":"160642356727","displayName":"janatamavi-edu","name":"projects/janatamavi-edu","resources":{"hostingSite":"janatamavi-edu"},"state":"ACTIVE","etag":"1_906f72fd-54c9-4046-9a32-0619c8737a21"}
[debug] [2026-03-07T23:52:04.860Z] defaultcredentials: writing to file C:\Users\User\AppData\Roaming\firebase\janatamavi_edu_gmail.com_application_default_credentials.json
[debug] [2026-03-07T23:52:04.861Z] Checked if tokens are valid: true, expires at: 1772931119292
[debug] [2026-03-07T23:52:04.861Z] Checked if tokens are valid: true, expires at: 1772931119292
[debug] [2026-03-07T23:52:04.862Z] >>> [apiv2][query] GET https://firebasehosting.googleapis.com/v1beta1/projects/janatamavi-edu/sites pageToken=&pageSize=10
[debug] [2026-03-07T23:52:05.606Z] <<< [apiv2][status] GET https://firebasehosting.googleapis.com/v1beta1/projects/janatamavi-edu/sites 200
[debug] [2026-03-07T23:52:05.606Z] <<< [apiv2][body] GET https://firebasehosting.googleapis.com/v1beta1/projects/janatamavi-edu/sites {"sites":[{"name":"projects/janatamavi-edu/sites/janatamavi-edu","defaultUrl":"https://janatamavi-edu.web.app","type":"DEFAULT_SITE"}]}
[debug] [2026-03-07T23:52:05.606Z] Checked if tokens are valid: true, expires at: 1772931119292
[debug] [2026-03-07T23:52:05.606Z] Checked if tokens are valid: true, expires at: 1772931119292
[debug] [2026-03-07T23:52:05.607Z] >>> [apiv2][query] GET https://firebasehosting.googleapis.com/v1beta1/projects/janatamavi-edu/sites 
[debug] [2026-03-07T23:52:06.078Z] <<< [apiv2][status] GET https://firebasehosting.googleapis.com/v1beta1/projects/janatamavi-edu/sites 200
[debug] [2026-03-07T23:52:06.078Z] <<< [apiv2][body] GET https://firebasehosting.googleapis.com/v1beta1/projects/janatamavi-edu/sites {"sites":[{"name":"projects/janatamavi-edu/sites/janatamavi-edu","defaultUrl":"https://janatamavi-edu.web.app","type":"DEFAULT_SITE"}]}
[debug] [2026-03-07T23:52:06.079Z] Checked if tokens are valid: true, expires at: 1772931119292
[debug] [2026-03-07T23:52:06.079Z] Checked if tokens are valid: true, expires at: 1772931119292
[debug] [2026-03-07T23:52:06.079Z] >>> [apiv2][query] GET https://firebase.googleapis.com/v1beta1/projects/janatamavi-edu/webApps/-/config [none]
[debug] [2026-03-07T23:52:06.584Z] <<< [apiv2][status] GET https://firebase.googleapis.com/v1beta1/projects/janatamavi-edu/webApps/-/config 200
[debug] [2026-03-07T23:52:06.585Z] <<< [apiv2][body] GET https://firebase.googleapis.com/v1beta1/projects/janatamavi-edu/webApps/-/config {"projectId":"janatamavi-edu","appId":"1:160642356727:web:a5bb71e72b965604cf0af2","storageBucket":"janatamavi-edu.firebasestorage.app","apiKey":"***REMOVED***","authDomain":"janatamavi-edu.firebaseapp.com","messagingSenderId":"160642356727","measurementId":"G-PQRXMW438K","projectNumber":"160642356727","version":"2"}
[info] 
   Thank you for trying our early preview of Next.js support on Firebase Hosting.
   During the preview, support is best-effort and breaking changes can be expected. Proceed with caution.
   The integration is known to work with Next.js version 12 - 15.0. You may encounter errors.

   Documentation: https://firebase.google.com/docs/hosting/frameworks/nextjs
   File a bug: https://github.com/firebase/firebase-tools/issues/new?template=bug_report.md
   Submit a feature request: https://github.com/firebase/firebase-tools/issues/new?template=feature_request.md

   We'd love to learn from you. Express your interest in helping us shape the future of Firebase Hosting: https://goo.gle/41enW5X

[debug] [2026-03-07T23:52:32.899Z] Checked if tokens are valid: true, expires at: 1772931119292
[debug] [2026-03-07T23:52:32.900Z] Checked if tokens are valid: true, expires at: 1772931119292
[debug] [2026-03-07T23:52:32.900Z] >>> [apiv2][query] GET https://firebasehosting.googleapis.com/v1beta1/projects/janatamavi-edu/sites/janatamavi-edu [none]
[debug] [2026-03-07T23:52:33.488Z] <<< [apiv2][status] GET https://firebasehosting.googleapis.com/v1beta1/projects/janatamavi-edu/sites/janatamavi-edu 200
[debug] [2026-03-07T23:52:33.488Z] <<< [apiv2][body] GET https://firebasehosting.googleapis.com/v1beta1/projects/janatamavi-edu/sites/janatamavi-edu {"name":"projects/janatamavi-edu/sites/janatamavi-edu","defaultUrl":"https://janatamavi-edu.web.app","type":"DEFAULT_SITE"}
[info] ▲ Next.js 16.1.6 (Turbopack)

[info] - Environments: .env.local


[info] ⚠ The "middleware" file convention is deprecated. Please use "proxy" instead. Learn more: https://nextjs.org/docs/messages/middleware-to-proxy

[info]   Creating an optimized production build ...

[info] ✓ Compiled successfully in 9.7s

[info]   Running TypeScript ...

[info]   Collecting page data using 7 workers ...

[info]   Generating static pages using 7 workers (0/73) ...

[info]   Generating static pages using 7 workers (18/73) 

[info]   Generating static pages using 7 workers (36/73) 

[info]   Generating static pages using 7 workers (54/73) 

[info] ✓ Generating static pages using 7 workers (73/73) in 847.1ms

[info]   Finalizing page optimization ...

[info] 

[info] Route (app)
┌ ƒ /_not-found
├ ƒ /[locale]
├ ƒ /[locale]/about
├ ƒ /[locale]/admin
├ ƒ /[locale]/admin/about
├ ƒ /[locale]/admin/admin-users
├ ƒ /[locale]/admin/announcements
├ ƒ /[locale]/admin/announcements/[id]/edit
├ ƒ /[locale]/admin/announcements/new
├ ƒ /[locale]/admin/articles
├ ƒ /[locale]/admin/articles/[id]/edit
├ ƒ /[locale]/admin/articles/new
├ ƒ /[locale]/admin/dashboard
├ ƒ /[locale]/admin/events
├ ƒ /[locale]/admin/events/[id]/edit
├ ƒ /[locale]/admin/events/new
├ ƒ /[locale]/admin/faculty
├ ƒ /[locale]/admin/faculty-accounts
├ ƒ /[locale]/admin/gallery
├ ƒ /[locale]/admin/hero-images
├ ƒ /[locale]/admin/media
├ ƒ /[locale]/admin/messages
├ ƒ /[locale]/admin/programs
├ ƒ /[locale]/admin/programs/[id]/edit
├ ƒ /[locale]/admin/programs/new
├ ƒ /[locale]/admin/site-settings
├ ƒ /[locale]/announcements
├ ƒ /[locale]/announcements/[slug]
├ ƒ /[locale]/articles
├ ƒ /[locale]/articles/[slug]
├ ƒ /[locale]/articles/submit
├ ƒ /[locale]/contact
├ ƒ /[locale]/events
├ ƒ /[locale]/faculty-login
├ ƒ /[locale]/faculty/dashboard
├ ƒ /[locale]/faculty/folders
├ ƒ /[locale]/faculty/folders/[id]
├ ƒ /[locale]/gallery
├ ƒ /[locale]/login
├ ƒ /[locale]/programs
├ ƒ /api/nepali-calendar
├ ƒ /api/nepali-date
├ ƒ /api/nepali-date/batch
├ ƒ /api/nepali-date/bs-to-ad
├ ƒ /api/nepali-date/today
├ ƒ /api/nepali-date/today-tithi
└ ○ /icon.jpg


ƒ Proxy (Middleware)

[info] 
○  (Static)   prerendered as static content
ƒ  (Dynamic)  server-rendered on demand


[info] Building a Cloud Function to run this application. This is needed due to:
[info]  • middleware
[info]  • non-static component /[locale]/(public)/about/page
[info]  • non-static component /[locale]/(public)/announcements/[slug]/page
[info]  • non-static component /[locale]/(public)/announcements/page
[info]  • non-static component /[locale]/(public)/articles/[slug]/page
[debug] [2026-03-07T23:53:01.066Z]  • non-static component /[locale]/(public)/articles/page
[debug] [2026-03-07T23:53:01.066Z]  • non-static component /[locale]/(public)/articles/submit/page
[debug] [2026-03-07T23:53:01.066Z]  • non-static component /[locale]/(public)/contact/page
[debug] [2026-03-07T23:53:01.066Z]  • non-static component /[locale]/(public)/events/page
[debug] [2026-03-07T23:53:01.066Z]  • non-static component /[locale]/(public)/gallery/page
[debug] [2026-03-07T23:53:01.067Z]  • non-static component /[locale]/(public)/page
[debug] [2026-03-07T23:53:01.067Z]  • non-static component /[locale]/(public)/programs/page
[debug] [2026-03-07T23:53:01.067Z]  • non-static component /[locale]/admin/about/page
[debug] [2026-03-07T23:53:01.067Z]  • non-static component /[locale]/admin/admin-users/page
[debug] [2026-03-07T23:53:01.067Z]  • non-static component /[locale]/admin/announcements/[id]/edit/page
[debug] [2026-03-07T23:53:01.067Z]  • non-static component /[locale]/admin/announcements/new/page
[debug] [2026-03-07T23:53:01.067Z]  • non-static component /[locale]/admin/announcements/page
[debug] [2026-03-07T23:53:01.067Z]  • non-static component /[locale]/admin/articles/[id]/edit/page
[debug] [2026-03-07T23:53:01.067Z]  • non-static component /[locale]/admin/articles/new/page
[debug] [2026-03-07T23:53:01.067Z]  • non-static component /[locale]/admin/articles/page
[debug] [2026-03-07T23:53:01.067Z]  • non-static component /[locale]/admin/dashboard/page
[debug] [2026-03-07T23:53:01.067Z]  • non-static component /[locale]/admin/events/[id]/edit/page
[debug] [2026-03-07T23:53:01.067Z]  • non-static component /[locale]/admin/events/new/page
[debug] [2026-03-07T23:53:01.067Z]  • non-static component /[locale]/admin/events/page
[debug] [2026-03-07T23:53:01.067Z]  • non-static component /[locale]/admin/faculty-accounts/page
[debug] [2026-03-07T23:53:01.067Z]  • non-static component /[locale]/admin/faculty/page
[debug] [2026-03-07T23:53:01.067Z]  • non-static component /[locale]/admin/gallery/page
[debug] [2026-03-07T23:53:01.067Z]  • non-static component /[locale]/admin/hero-images/page
[debug] [2026-03-07T23:53:01.067Z]  • non-static component /[locale]/admin/media/page
[debug] [2026-03-07T23:53:01.068Z]  • non-static component /[locale]/admin/messages/page
[debug] [2026-03-07T23:53:01.068Z]  • non-static component /[locale]/admin/page
[debug] [2026-03-07T23:53:01.068Z]  • non-static component /[locale]/admin/programs/[id]/edit/page
[debug] [2026-03-07T23:53:01.068Z]  • non-static component /[locale]/admin/programs/new/page
[debug] [2026-03-07T23:53:01.068Z]  • non-static component /[locale]/admin/programs/page
[debug] [2026-03-07T23:53:01.068Z]  • non-static component /[locale]/admin/site-settings/page
[debug] [2026-03-07T23:53:01.068Z]  • non-static component /[locale]/faculty-login/page
[debug] [2026-03-07T23:53:01.068Z]  • non-static component /[locale]/faculty/dashboard/page
[debug] [2026-03-07T23:53:01.068Z]  • non-static component /[locale]/faculty/folders/[id]/page
[debug] [2026-03-07T23:53:01.068Z]  • non-static component /[locale]/faculty/folders/page
[debug] [2026-03-07T23:53:01.068Z]  • non-static component /[locale]/login/page
[debug] [2026-03-07T23:53:01.068Z]  • non-static component /_not-found/page
[debug] [2026-03-07T23:53:01.068Z]  • non-static component /api/nepali-calendar/route
[debug] [2026-03-07T23:53:01.068Z]  • non-static component /api/nepali-date/batch/route
[debug] [2026-03-07T23:53:01.068Z]  • non-static component /api/nepali-date/bs-to-ad/route
[debug] [2026-03-07T23:53:01.068Z]  • non-static component /api/nepali-date/route
[debug] [2026-03-07T23:53:01.068Z]  • non-static component /api/nepali-date/today-tithi/route
[debug] [2026-03-07T23:53:01.068Z]  • non-static component /api/nepali-date/today/route
[info]  • and 42 other reasons, use --debug to see more
[info] 
[debug] [2026-03-07T23:53:01.168Z] skipping /_global-error due to it matching an unsupported rewrite/redirect/header or middlware
[debug] [2026-03-07T23:53:01.168Z] skipping /500 due to it matching an unsupported rewrite/redirect/header or middlware
[debug] [2026-03-07T23:53:01.910Z] Checked if tokens are valid: true, expires at: 1772931119292
[debug] [2026-03-07T23:53:01.911Z] Checked if tokens are valid: true, expires at: 1772931119292
[debug] [2026-03-07T23:53:01.911Z] >>> [apiv2][query] GET https://firebasehosting.googleapis.com/v1beta1/projects/janatamavi-edu/sites/janatamavi-edu [none]
[debug] [2026-03-07T23:53:02.497Z] <<< [apiv2][status] GET https://firebasehosting.googleapis.com/v1beta1/projects/janatamavi-edu/sites/janatamavi-edu 200
[debug] [2026-03-07T23:53:02.497Z] <<< [apiv2][body] GET https://firebasehosting.googleapis.com/v1beta1/projects/janatamavi-edu/sites/janatamavi-edu {"name":"projects/janatamavi-edu/sites/janatamavi-edu","defaultUrl":"https://janatamavi-edu.web.app","type":"DEFAULT_SITE"}
[debug] [2026-03-07T23:53:13.147Z] [web frameworks] effective firebase.json:  {
  "hosting": [
    {
      "source": ".",
      "ignore": [
        "firebase.json",
        "**/.*",
        "**/node_modules/**"
      ],
      "frameworksBackend": {
        "region": "asia-south2"
      },
      "site": "janatamavi-edu",
      "rewrites": [
        {
          "source": "/**",
          "function": {
            "functionId": "ssrjanatamaviedu",
            "region": "asia-south2",
            "pinTag": true
          }
        }
      ],
      "redirects": [],
      "headers": [
        {
          "source": "/_global-error",
          "headers": [
            {
              "key": "x-nextjs-stale-time",
              "value": "300"
            },
            {
              "key": "x-nextjs-prerender",
              "value": "1"
            },
            {
              "key": "x-next-cache-tags",
              "value": "_N_T_/layout,_N_T_/_global-error/layout,_N_T_/_global-error/page,_N_T_/_global-error"
            }
          ]
        },
        {
          "source": "/icon.jpg",
          "headers": [
            {
              "key": "cache-control",
              "value": "public, max-age=0, must-revalidate"
            },
            {
              "key": "content-type",
              "value": "image/jpeg"
            },
            {
              "key": "x-next-cache-tags",
              "value": "_N_T_/layout,_N_T_/icon.jpg/layout,_N_T_/icon.jpg/route,_N_T_/icon.jpg"
            }
          ]
        },
        {
          "source": "/**/*.[jt]s",
          "headers": [
            {
              "key": "Set-Cookie",
              "value": "__FIREBASE_DEFAULTS__=eyJjb25maWciOnsicHJvamVjdElkIjoiamFuYXRhbWF2aS1lZHUiLCJhcHBJZCI6IjE6MTYwNjQyMzU2NzI3OndlYjphNWJiNzFlNzJiOTY1NjA0Y2YwYWYyIiwic3RvcmFnZUJ1Y2tldCI6ImphbmF0YW1hdmktZWR1LmZpcmViYXNlc3RvcmFnZS5hcHAiLCJhcGlLZXkiOiJBSXphU3lCcFdaQUhJdExDMTN3bURhSzNIMzFMNkdWWklHei1KdkUiLCJhdXRoRG9tYWluIjoiamFuYXRhbWF2aS1lZHUuZmlyZWJhc2VhcHAuY29tIiwibWVzc2FnaW5nU2VuZGVySWQiOiIxNjA2NDIzNTY3MjciLCJtZWFzdXJlbWVudElkIjoiRy1QUVJYTVc0MzhLIiwicHJvamVjdE51bWJlciI6IjE2MDY0MjM1NjcyNyIsInZlcnNpb24iOiIyIn0sIl9hdXRoVG9rZW5TeW5jVVJMIjoiL19fc2Vzc2lvbiJ9; SameSite=Strict; Expires=2028-01-31T10:33:13.147Z; Path=/;"
            }
          ]
        }
      ],
      "cleanUrls": true,
      "trailingSlash": false,
      "public": ".firebase\\janatamavi-edu\\hosting",
      "webFramework": "next_ssr"
    }
  ],
  "functions": [
    {
      "source": "functions",
      "predeploy": [
        "npm --prefix \"$RESOURCE_DIR\" run build"
      ]
    },
    {
      "source": ".firebase\\janatamavi-edu\\functions",
      "codebase": "firebase-frameworks-janatamavi-edu"
    }
  ]
}
[info] 
[info] === Deploying to 'janatamavi-edu'...
[info] 
[info] i  deploying storage, firestore, functions, hosting 
[info] Running command: npm --prefix "$RESOURCE_DIR" run build
[info] +  functions: Finished running predeploy script. 
[info] i  storage: ensuring required API firebasestorage.googleapis.com is enabled... 
[debug] [2026-03-07T23:53:20.335Z] Checked if tokens are valid: true, expires at: 1772931119292
[debug] [2026-03-07T23:53:20.335Z] Checked if tokens are valid: true, expires at: 1772931119292
[debug] [2026-03-07T23:53:20.336Z] >>> [apiv2][query] GET https://firebasestorage.googleapis.com/v1alpha/projects/janatamavi-edu/defaultBucket [none]
[debug] [2026-03-07T23:53:20.865Z] <<< [apiv2][status] GET https://firebasestorage.googleapis.com/v1alpha/projects/janatamavi-edu/defaultBucket 200
[debug] [2026-03-07T23:53:20.865Z] <<< [apiv2][body] GET https://firebasestorage.googleapis.com/v1alpha/projects/janatamavi-edu/defaultBucket {"name":"projects/janatamavi-edu/defaultBucket","location":"ASIA-SOUTHEAST1","bucket":{"name":"projects/janatamavi-edu/buckets/janatamavi-edu.firebasestorage.app"},"storageClass":"REGIONAL"}
[info] i  firebase.storage: checking storage.rules for compilation errors... 
[debug] [2026-03-07T23:53:20.868Z] Checked if tokens are valid: true, expires at: 1772931119292
[debug] [2026-03-07T23:53:20.868Z] Checked if tokens are valid: true, expires at: 1772931119292
[debug] [2026-03-07T23:53:20.868Z] >>> [apiv2][query] POST https://firebaserules.googleapis.com/v1/projects/janatamavi-edu:test [none]
[debug] [2026-03-07T23:53:20.868Z] >>> [apiv2][body] POST https://firebaserules.googleapis.com/v1/projects/janatamavi-edu:test [omitted]
[debug] [2026-03-07T23:53:21.124Z] <<< [apiv2][status] POST https://firebaserules.googleapis.com/v1/projects/janatamavi-edu:test 200
[debug] [2026-03-07T23:53:21.124Z] <<< [apiv2][body] POST https://firebaserules.googleapis.com/v1/projects/janatamavi-edu:test {}
[info] +  firebase.storage: rules file storage.rules compiled successfully 
[info] i  firestore: ensuring required API firestore.googleapis.com is enabled... 
[info] i  firestore: ensuring required API firestore.googleapis.com is enabled... 
[debug] [2026-03-07T23:53:21.132Z] Checked if tokens are valid: true, expires at: 1772931119292
[debug] [2026-03-07T23:53:21.133Z] Checked if tokens are valid: true, expires at: 1772931119292
[debug] [2026-03-07T23:53:21.133Z] >>> [apiv2][query] GET https://firestore.googleapis.com/v1/projects/janatamavi-edu/databases/janatamavi-db [none]
[debug] [2026-03-07T23:53:23.193Z] <<< [apiv2][status] GET https://firestore.googleapis.com/v1/projects/janatamavi-edu/databases/janatamavi-db 200
[debug] [2026-03-07T23:53:23.193Z] <<< [apiv2][body] GET https://firestore.googleapis.com/v1/projects/janatamavi-edu/databases/janatamavi-db {"name":"projects/janatamavi-edu/databases/janatamavi-db","uid":"cdc5b822-05a2-4c88-a08b-47c4fed97a8e","createTime":"2026-03-04T01:53:47.252917Z","updateTime":"2026-03-04T01:53:47.252917Z","locationId":"asia-south2","type":"FIRESTORE_NATIVE","concurrencyMode":"PESSIMISTIC","versionRetentionPeriod":"3600s","earliestVersionTime":"2026-03-07T22:53:19.651204Z","appEngineIntegrationMode":"DISABLED","pointInTimeRecoveryEnablement":"POINT_IN_TIME_RECOVERY_DISABLED","deleteProtectionState":"DELETE_PROTECTION_DISABLED","databaseEdition":"STANDARD","freeTier":true,"realtimeUpdatesMode":"REALTIME_UPDATES_MODE_ENABLED","etag":"IJPKqP79jpMDMKXBzeORhZMD"}
[info] i  firestore: reading indexes from firestore.indexes.json... 
[info] i  cloud.firestore: checking firestore.rules for compilation errors... 
[debug] [2026-03-07T23:53:23.200Z] Checked if tokens are valid: true, expires at: 1772931119292
[debug] [2026-03-07T23:53:23.201Z] Checked if tokens are valid: true, expires at: 1772931119292
[debug] [2026-03-07T23:53:23.201Z] >>> [apiv2][query] POST https://firebaserules.googleapis.com/v1/projects/janatamavi-edu:test [none]
[debug] [2026-03-07T23:53:23.201Z] >>> [apiv2][body] POST https://firebaserules.googleapis.com/v1/projects/janatamavi-edu:test [omitted]
[debug] [2026-03-07T23:53:23.364Z] <<< [apiv2][status] POST https://firebaserules.googleapis.com/v1/projects/janatamavi-edu:test 200
[debug] [2026-03-07T23:53:23.365Z] <<< [apiv2][body] POST https://firebaserules.googleapis.com/v1/projects/janatamavi-edu:test {}
[info] +  cloud.firestore: rules file firestore.rules compiled successfully 
[debug] [2026-03-07T23:53:23.369Z] Checked if tokens are valid: true, expires at: 1772931119292
[debug] [2026-03-07T23:53:23.370Z] Checked if tokens are valid: true, expires at: 1772931119292
[debug] [2026-03-07T23:53:23.370Z] >>> [apiv2][query] GET https://cloudresourcemanager.googleapis.com/v1/projects/janatamavi-edu [none]
[debug] [2026-03-07T23:53:23.690Z] <<< [apiv2][status] GET https://cloudresourcemanager.googleapis.com/v1/projects/janatamavi-edu 200
[debug] [2026-03-07T23:53:23.690Z] <<< [apiv2][body] GET https://cloudresourcemanager.googleapis.com/v1/projects/janatamavi-edu {"projectNumber":"160642356727","projectId":"janatamavi-edu","lifecycleState":"ACTIVE","name":"janatamavi-edu","labels":{"firebase":"enabled","firebase-core":"disabled"},"createTime":"2026-02-27T21:31:54.261301Z"}
[info] i  functions: preparing codebase default for deployment 
[info] i  functions: preparing codebase firebase-frameworks-janatamavi-edu for deployment 
[info] i  functions: ensuring required API cloudfunctions.googleapis.com is enabled... 
[info] i  functions: ensuring required API cloudbuild.googleapis.com is enabled... 
[info] i  artifactregistry: ensuring required API artifactregistry.googleapis.com is enabled... 
[debug] [2026-03-07T23:53:23.699Z] Checked if tokens are valid: true, expires at: 1772931119292
[debug] [2026-03-07T23:53:23.699Z] Checked if tokens are valid: true, expires at: 1772931119292
[debug] [2026-03-07T23:53:23.699Z] >>> [apiv2][query] GET https://firebase.googleapis.com/v1beta1/projects/janatamavi-edu/adminSdkConfig [none]
[debug] [2026-03-07T23:53:24.258Z] <<< [apiv2][status] GET https://firebase.googleapis.com/v1beta1/projects/janatamavi-edu/adminSdkConfig 200
[debug] [2026-03-07T23:53:24.258Z] <<< [apiv2][body] GET https://firebase.googleapis.com/v1beta1/projects/janatamavi-edu/adminSdkConfig {"projectId":"janatamavi-edu","storageBucket":"janatamavi-edu.firebasestorage.app"}
[debug] [2026-03-07T23:53:24.260Z] Checked if tokens are valid: true, expires at: 1772931119292
[debug] [2026-03-07T23:53:24.260Z] Checked if tokens are valid: true, expires at: 1772931119292
[debug] [2026-03-07T23:53:24.260Z] >>> [apiv2][query] GET https://runtimeconfig.googleapis.com/v1beta1/projects/janatamavi-edu/configs [none]
[debug] [2026-03-07T23:53:24.530Z] <<< [apiv2][status] GET https://runtimeconfig.googleapis.com/v1beta1/projects/janatamavi-edu/configs 200
[debug] [2026-03-07T23:53:24.530Z] <<< [apiv2][body] GET https://runtimeconfig.googleapis.com/v1beta1/projects/janatamavi-edu/configs {}
[debug] [2026-03-07T23:53:24.534Z] Validating nodejs source
[warn] !  functions: Runtime Node.js 20 will be deprecated on 2026-04-30 and will be decommissioned on 2026-10-30, after which you will not be able to deploy without upgrading. Consider upgrading now to avoid disruption. See https://cloud.google.com/functions/docs/runtime-support for full details on the lifecycle policy 
[warn] !  functions: package.json indicates an outdated version of firebase-functions. Please upgrade using npm install --save firebase-functions@latest in your functions directory. 
[warn] !  functions: Please note that there will be breaking changes when you upgrade. 
[debug] [2026-03-07T23:53:25.683Z] > [functions] package.json contents: {
  "name": "school-website-functions",
  "description": "Cloud Functions for school website – storage monitoring, email alerts, auto-cleanup",
  "scripts": {
    "build": "tsc",
    "serve": "npm run build && firebase emulators:start --only functions",
    "shell": "npm run build && firebase functions:shell",
    "start": "npm run shell",
    "deploy": "firebase deploy --only functions",
    "logs": "firebase functions:log"
  },
  "engines": {
    "node": "20"
  },
  "main": "lib/index.js",
  "dependencies": {
    "firebase-admin": "^12.0.0",
    "firebase-functions": "^5.0.0"
  },
  "devDependencies": {
    "typescript": "^5.4.0"
  },
  "private": true
}
[debug] [2026-03-07T23:53:25.683Z] Building nodejs source
[info] i  functions: Loading and analyzing source code for codebase default to determine what to deploy 
[debug] [2026-03-07T23:53:25.685Z] Could not find functions.yaml. Must use http discovery
[debug] [2026-03-07T23:53:25.697Z] Found firebase-functions binary at 'E:\Arun\Side - Projects\school_website\functions\node_modules\.bin\firebase-functions'
[info] Serving at port 8246

[debug] [2026-03-07T23:53:26.715Z] Got response from /__/functions.yaml {"endpoints":{"onGalleryWrite":{"availableMemoryMb":null,"timeoutSeconds":null,"minInstances":null,"maxInstances":null,"ingressSettings":null,"concurrency":null,"serviceAccountEmail":null,"vpc":null,"platform":"gcfv2","labels":{},"eventTrigger":{"eventType":"google.cloud.firestore.document.v1.written","eventFilters":{"database":"janatamavi-db","namespace":"(default)"},"eventFilterPathPatterns":{"document":"gallery/{docId}"},"retry":false},"entryPoint":"onGalleryWrite"},"onMediaWrite":{"availableMemoryMb":null,"timeoutSeconds":null,"minInstances":null,"maxInstances":null,"ingressSettings":null,"concurrency":null,"serviceAccountEmail":null,"vpc":null,"platform":"gcfv2","labels":{},"eventTrigger":{"eventType":"google.cloud.firestore.document.v1.written","eventFilters":{"database":"janatamavi-db","namespace":"(default)"},"eventFilterPathPatterns":{"document":"mediaFiles/{docId}"},"retry":false},"entryPoint":"onMediaWrite"},"scheduledStorageCleanup":{"platform":"gcfv1","availableMemoryMb":null,"timeoutSeconds":null,"minInstances":null,"maxInstances":null,"ingressSettings":null,"serviceAccountEmail":null,"vpc":null,"scheduleTrigger":{"schedule":"every 24 hours","retryConfig":{"retryCount":null,"maxDoublings":null,"maxRetryDuration":null,"maxBackoffDuration":null,"minBackoffDuration":null},"timeZone":"Asia/Kathmandu"},"labels":{},"entryPoint":"scheduledStorageCleanup"},"checkStorageBeforeUpload":{"platform":"gcfv1","labels":{},"availableMemoryMb":null,"timeoutSeconds":null,"minInstances":null,"maxInstances":null,"ingressSettings":null,"serviceAccountEmail":null,"vpc":null,"callableTrigger":{},"entryPoint":"checkStorageBeforeUpload"},"deleteFacultyMember":{"platform":"gcfv1","labels":{},"availableMemoryMb":null,"timeoutSeconds":null,"minInstances":null,"maxInstances":null,"ingressSettings":null,"serviceAccountEmail":null,"vpc":null,"callableTrigger":{},"entryPoint":"deleteFacultyMember"}},"specVersion":"v1alpha1","requiredAPIs":[{"api":"cloudscheduler.googleapis.com","reason":"Needed for scheduled functions."}],"extensions":{}}
[debug] [2026-03-07T23:53:30.793Z] Validating nodejs source
[warn] !  functions: package.json indicates an outdated version of firebase-functions. Please upgrade using npm install --save firebase-functions@latest in your functions directory. 
[warn] !  functions: Please note that there will be breaking changes when you upgrade. 
[debug] [2026-03-07T23:53:31.990Z] > [functions] package.json contents: {
  "name": "school-website",
  "version": "0.1.0",
  "private": true,
  "dependencies": {
    "@hookform/resolvers": "^5.2.2",
    "class-variance-authority": "^0.7.1",
    "clsx": "^2.1.1",
    "embla-carousel-react": "^8.6.0",
    "firebase": "^12.9.0",
    "lucide-react": "^0.575.0",
    "mammoth": "^1.11.0",
    "next": "16.1.6",
    "next-intl": "^4.8.3",
    "quill": "^2.0.3",
    "react": "19.2.3",
    "react-dom": "19.2.3",
    "react-hook-form": "^7.71.2",
    "react-quill": "^2.0.0",
    "slugify": "^1.6.6",
    "tailwind-merge": "^3.5.0",
    "zod": "^4.3.6",
    "firebase-frameworks": "^0.11.0",
    "firebase-functions": "^6.0.1",
    "firebase-admin": "^11.11.1"
  },
  "main": "server.js",
  "engines": {
    "node": "22"
  }
}
[debug] [2026-03-07T23:53:31.991Z] Building nodejs source
[info] i  functions: Loading and analyzing source code for codebase firebase-frameworks-janatamavi-edu to determine what to deploy 
[debug] [2026-03-07T23:53:31.991Z] Could not find functions.yaml. Must use http discovery
[debug] [2026-03-07T23:53:32.004Z] Found firebase-functions binary at 'E:\Arun\Side - Projects\school_website\.firebase\janatamavi-edu\functions\node_modules\.bin\firebase-functions'
[info] Serving at port 8994

[debug] [2026-03-07T23:53:32.803Z] Got response from /__/functions.yaml {"endpoints":{"ssrjanatamaviedu":{"availableMemoryMb":null,"timeoutSeconds":null,"minInstances":null,"maxInstances":null,"ingressSettings":null,"concurrency":null,"serviceAccountEmail":null,"vpc":null,"platform":"gcfv2","region":["asia-south2"],"labels":{},"httpsTrigger":{},"entryPoint":"ssrjanatamaviedu"}},"specVersion":"v1alpha1","requiredAPIs":[],"extensions":{}}
[info] i  extensions: ensuring required API firebaseextensions.googleapis.com is enabled... 
[debug] [2026-03-07T23:53:36.876Z] > command requires scopes: ["email","openid","https://www.googleapis.com/auth/cloudplatformprojects.readonly","https://www.googleapis.com/auth/firebase","https://www.googleapis.com/auth/cloud-platform"]
[debug] [2026-03-07T23:53:36.876Z] > authorizing via signed-in user (janatamavi.edu@gmail.com)
[debug] [2026-03-07T23:53:36.876Z] [iam] checking project janatamavi-edu for permissions ["firebase.projects.get","firebaseextensions.instances.list"]
[debug] [2026-03-07T23:53:36.877Z] Checked if tokens are valid: true, expires at: 1772931119292
[debug] [2026-03-07T23:53:36.877Z] Checked if tokens are valid: true, expires at: 1772931119292
[debug] [2026-03-07T23:53:36.877Z] >>> [apiv2][query] POST https://cloudresourcemanager.googleapis.com/v1/projects/janatamavi-edu:testIamPermissions [none]
[debug] [2026-03-07T23:53:36.877Z] >>> [apiv2][(partial)header] POST https://cloudresourcemanager.googleapis.com/v1/projects/janatamavi-edu:testIamPermissions  x-goog-user-project=janatamavi-edu
[debug] [2026-03-07T23:53:36.877Z] >>> [apiv2][body] POST https://cloudresourcemanager.googleapis.com/v1/projects/janatamavi-edu:testIamPermissions {"permissions":["firebase.projects.get","firebaseextensions.instances.list"]}
[debug] [2026-03-07T23:53:37.135Z] <<< [apiv2][status] POST https://cloudresourcemanager.googleapis.com/v1/projects/janatamavi-edu:testIamPermissions 200
[debug] [2026-03-07T23:53:37.135Z] <<< [apiv2][body] POST https://cloudresourcemanager.googleapis.com/v1/projects/janatamavi-edu:testIamPermissions {"permissions":["firebase.projects.get","firebaseextensions.instances.list"]}
[debug] [2026-03-07T23:53:37.137Z] Checked if tokens are valid: true, expires at: 1772931119292
[debug] [2026-03-07T23:53:37.137Z] Checked if tokens are valid: true, expires at: 1772931119292
[debug] [2026-03-07T23:53:37.138Z] >>> [apiv2][query] GET https://firebaseextensions.googleapis.com/v1beta/projects/janatamavi-edu/instances pageSize=100&pageToken=
[debug] [2026-03-07T23:53:37.549Z] <<< [apiv2][status] GET https://firebaseextensions.googleapis.com/v1beta/projects/janatamavi-edu/instances 200
[debug] [2026-03-07T23:53:37.549Z] <<< [apiv2][body] GET https://firebaseextensions.googleapis.com/v1beta/projects/janatamavi-edu/instances {}
[info] i  functions: Loaded environment variables from .env. 
[info] i  functions: preparing functions directory for uploading... 
[info] i  functions: packaged E:\Arun\Side - Projects\school_website\functions (43.35 KB) for uploading 
[info] i  functions: packaged E:\Arun\Side - Projects\school_website\functions (43.56 KB) for uploading 
[info] i  functions: preparing .firebase\janatamavi-edu\functions directory for uploading... 
[info] i  functions: packaged E:\Arun\Side - Projects\school_website\.firebase\janatamavi-edu\functions (335.64 MB) for uploading 
[debug] [2026-03-07T23:53:57.282Z] Checked if tokens are valid: true, expires at: 1772931119292
[debug] [2026-03-07T23:53:57.282Z] Checked if tokens are valid: true, expires at: 1772931119292
[debug] [2026-03-07T23:53:57.283Z] >>> [apiv2][query] GET https://cloudfunctions.googleapis.com/v1/projects/janatamavi-edu/locations/-/functions [none]
[debug] [2026-03-07T23:53:59.241Z] <<< [apiv2][status] GET https://cloudfunctions.googleapis.com/v1/projects/janatamavi-edu/locations/-/functions 200
[debug] [2026-03-07T23:53:59.241Z] <<< [apiv2][body] GET https://cloudfunctions.googleapis.com/v1/projects/janatamavi-edu/locations/-/functions {"functions":[{"name":"projects/janatamavi-edu/locations/us-central1/functions/deleteFacultyMember","httpsTrigger":{"url":"https://us-central1-janatamavi-edu.cloudfunctions.net/deleteFacultyMember","securityLevel":"SECURE_ALWAYS"},"status":"ACTIVE","entryPoint":"deleteFacultyMember","timeout":"60s","availableMemoryMb":256,"serviceAccountEmail":"janatamavi-edu@appspot.gserviceaccount.com","updateTime":"2026-03-07T22:10:42.180565112Z","versionId":"1","labels":{"deployment-callable":"true","firebase-functions-hash":"f16155ac8f48a2ee9eb231f73e1d63a28db6a1a3","deployment-tool":"cli-firebase"},"sourceUploadUrl":"https://storage.googleapis.com/uploads-594009676271.us-central1.cloudfunctions.appspot.com/a61e0327-eca3-4d7a-b91a-daf1c5bc86c8.zip","environmentVariables":{"FIREBASE_CONFIG":"{\"projectId\":\"janatamavi-edu\",\"storageBucket\":\"janatamavi-edu.firebasestorage.app\"}","GCLOUD_PROJECT":"janatamavi-edu","EVENTARC_CLOUD_EVENT_SOURCE":"projects/janatamavi-edu/locations/us-central1/functions/deleteFacultyMember"},"runtime":"nodejs20","ingressSettings":"ALLOW_ALL","buildId":"c4c12d55-3c62-4342-b4f4-f74615966205","buildEnvironmentVariables":{"GOOGLE_NODE_RUN_SCRIPTS":""},"buildName":"projects/160642356727/locations/us-central1/builds/c4c12d55-3c62-4342-b4f4-f74615966205","dockerRegistry":"ARTIFACT_REGISTRY","automaticUpdatePolicy":{},"buildServiceAccount":"projects/janatamavi-edu/serviceAccounts/160642356727-compute@developer.gserviceaccount.com","satisfiesPzi":true},{"name":"projects/janatamavi-edu/locations/us-central1/functions/checkStorageBeforeUpload","httpsTrigger":{"url":"https://us-central1-janatamavi-edu.cloudfunctions.net/checkStorageBeforeUpload","securityLevel":"SECURE_ALWAYS"},"status":"ACTIVE","entryPoint":"checkStorageBeforeUpload","timeout":"60s","availableMemoryMb":256,"serviceAccountEmail":"janatamavi-edu@appspot.gserviceaccount.com","updateTime":"2026-03-07T22:11:07.086Z","versionId":"4","labels":{"deployment-tool":"cli-firebase","deployment-callable":"true","firebase-functions-hash":"f16155ac8f48a2ee9eb231f73e1d63a28db6a1a3"},"sourceUploadUrl":"https://storage.googleapis.com/uploads-594009676271.us-central1.cloudfunctions.appspot.com/a61e0327-eca3-4d7a-b91a-daf1c5bc86c8.zip","environmentVariables":{"FIREBASE_CONFIG":"{\"projectId\":\"janatamavi-edu\",\"storageBucket\":\"janatamavi-edu.firebasestorage.app\"}","GCLOUD_PROJECT":"janatamavi-edu","EVENTARC_CLOUD_EVENT_SOURCE":"projects/janatamavi-edu/locations/us-central1/functions/checkStorageBeforeUpload"},"runtime":"nodejs20","ingressSettings":"ALLOW_ALL","buildId":"c4c12d55-3c62-4342-b4f4-f74615966205","buildEnvironmentVariables":{"GOOGLE_NODE_RUN_SCRIPTS":""},"buildName":"projects/160642356727/locations/us-central1/builds/c4c12d55-3c62-4342-b4f4-f74615966205","dockerRegistry":"ARTIFACT_REGISTRY","automaticUpdatePolicy":{},"buildServiceAccount":"projects/janatamavi-edu/serviceAccounts/160642356727-compute@developer.gserviceaccount.com","satisfiesPzi":true},{"name":"projects/janatamavi-edu/locations/us-central1/functions/scheduledStorageCleanup","eventTrigger":{"eventType":"google.pubsub.topic.publish","resource":"projects/janatamavi-edu/topics/firebase-schedule-scheduledStorageCleanup-us-central1","service":"pubsub.googleapis.com","failurePolicy":{}},"status":"ACTIVE","entryPoint":"scheduledStorageCleanup","timeout":"60s","availableMemoryMb":256,"serviceAccountEmail":"janatamavi-edu@appspot.gserviceaccount.com","updateTime":"2026-03-07T22:11:06.018Z","versionId":"4","labels":{"deployment-tool":"cli-firebase","deployment-scheduled":"true","firebase-functions-hash":"f16155ac8f48a2ee9eb231f73e1d63a28db6a1a3"},"sourceUploadUrl":"https://storage.googleapis.com/uploads-594009676271.us-central1.cloudfunctions.appspot.com/a61e0327-eca3-4d7a-b91a-daf1c5bc86c8.zip","environmentVariables":{"FIREBASE_CONFIG":"{\"projectId\":\"janatamavi-edu\",\"storageBucket\":\"janatamavi-edu.firebasestorage.app\"}","GCLOUD_PROJECT":"janatamavi-edu","EVENTARC_CLOUD_EVENT_SOURCE":"projects/janatamavi-edu/locations/us-central1/functions/scheduledStorageCleanup"},"runtime":"nodejs20","maxInstances":3000,"ingressSettings":"ALLOW_ALL","buildId":"c4c12d55-3c62-4342-b4f4-f74615966205","buildEnvironmentVariables":{"GOOGLE_NODE_RUN_SCRIPTS":""},"buildName":"projects/160642356727/locations/us-central1/builds/c4c12d55-3c62-4342-b4f4-f74615966205","dockerRegistry":"ARTIFACT_REGISTRY","automaticUpdatePolicy":{},"buildServiceAccount":"projects/janatamavi-edu/serviceAccounts/160642356727-compute@developer.gserviceaccount.com","satisfiesPzi":true}]}
[debug] [2026-03-07T23:53:59.242Z] Checked if tokens are valid: true, expires at: 1772931119292
[debug] [2026-03-07T23:53:59.242Z] Checked if tokens are valid: true, expires at: 1772931119292
[debug] [2026-03-07T23:53:59.243Z] >>> [apiv2][query] GET https://cloudfunctions.googleapis.com/v2/projects/janatamavi-edu/locations/-/functions filter=environment%3D%22GEN_2%22
[debug] [2026-03-07T23:54:01.113Z] <<< [apiv2][status] GET https://cloudfunctions.googleapis.com/v2/projects/janatamavi-edu/locations/-/functions 200
[debug] [2026-03-07T23:54:01.113Z] <<< [apiv2][body] GET https://cloudfunctions.googleapis.com/v2/projects/janatamavi-edu/locations/-/functions {"functions":[{"name":"projects/janatamavi-edu/locations/asia-south2/functions/ssrjanatamaviedu","buildConfig":{"build":"projects/160642356727/locations/asia-south2/builds/e312e50f-c883-4fdd-a382-7d9715d1a161","runtime":"nodejs22","entryPoint":"ssrjanatamaviedu","source":{"storageSource":{"bucket":"gcf-v2-sources-160642356727-asia-south2","object":"ssrjanatamaviedu/function-source.zip","generation":"1772926013768988"}},"environmentVariables":{"GOOGLE_NODE_RUN_SCRIPTS":""},"dockerRepository":"projects/janatamavi-edu/locations/asia-south2/repositories/gcf-artifacts","sourceProvenance":{"resolvedStorageSource":{"bucket":"gcf-v2-sources-160642356727-asia-south2","object":"ssrjanatamaviedu/function-source.zip","generation":"1772926013768988"}},"dockerRegistry":"ARTIFACT_REGISTRY","serviceAccount":"projects/janatamavi-edu/serviceAccounts/160642356727-compute@developer.gserviceaccount.com","automaticUpdatePolicy":{}},"serviceConfig":{"service":"projects/janatamavi-edu/locations/asia-south2/services/ssrjanatamaviedu","timeoutSeconds":60,"environmentVariables":{"VERCEL_URL":"janatamavi-edu.web.app","__FIREBASE_FRAMEWORKS_ENTRY__":"next.js","__FIREBASE_DEFAULTS__":"{\"config\":{\"projectId\":\"janatamavi-edu\",\"appId\":\"1:160642356727:web:a5bb71e72b965604cf0af2\",\"storageBucket\":\"janatamavi-edu.firebasestorage.app\",\"apiKey\":\"***REMOVED***\",\"authDomain\":\"janatamavi-edu.firebaseapp.com\",\"messagingSenderId\":\"160642356727\",\"measurementId\":\"G-PQRXMW438K\",\"projectNumber\":\"160642356727\",\"version\":\"2\"},\"_authTokenSyncURL\":\"/__session\"}","FIREBASE_CONFIG":"{\"projectId\":\"janatamavi-edu\",\"storageBucket\":\"janatamavi-edu.firebasestorage.app\"}","GCLOUD_PROJECT":"janatamavi-edu","EVENTARC_CLOUD_EVENT_SOURCE":"projects/janatamavi-edu/locations/asia-south2/services/ssrjanatamaviedu","FUNCTION_TARGET":"ssrjanatamaviedu","LOG_EXECUTION_ID":"true"},"maxInstanceCount":12,"ingressSettings":"ALLOW_ALL","uri":"https://ssrjanatamaviedu-ta3s2rzu4a-em.a.run.app","serviceAccountEmail":"160642356727-compute@developer.gserviceaccount.com","availableMemory":"256Mi","allTrafficOnLatestRevision":true,"revision":"ssrjanatamaviedu-00049-sab","maxInstanceRequestConcurrency":80,"availableCpu":"1"},"state":"ACTIVE","updateTime":"2026-03-07T23:29:55.841249742Z","labels":{"firebase-functions-hash":"e14ff1c53c3c547c97bba06c6e475175f02d0ccd","deployment-tool":"cli-firebase","firebase-functions-codebase":"firebase-frameworks-janatamavi-edu"},"environment":"GEN_2","url":"https://asia-south2-janatamavi-edu.cloudfunctions.net/ssrjanatamaviedu","createTime":"2026-03-04T02:04:17.562196212Z","satisfiesPzi":true},{"name":"projects/janatamavi-edu/locations/us-central1/functions/onGalleryWrite","buildConfig":{"build":"projects/160642356727/locations/us-central1/builds/d622a5be-c8b9-4358-8e5c-cff6a45fdb6b","runtime":"nodejs20","entryPoint":"onGalleryWrite","source":{"storageSource":{"bucket":"gcf-v2-sources-160642356727-us-central1","object":"onGalleryWrite/function-source.zip","generation":"1772921356075531"}},"environmentVariables":{"GOOGLE_NODE_RUN_SCRIPTS":""},"dockerRepository":"projects/janatamavi-edu/locations/us-central1/repositories/gcf-artifacts","sourceProvenance":{"resolvedStorageSource":{"bucket":"gcf-v2-sources-160642356727-us-central1","object":"onGalleryWrite/function-source.zip","generation":"1772921356075531"}},"dockerRegistry":"ARTIFACT_REGISTRY","serviceAccount":"projects/janatamavi-edu/serviceAccounts/160642356727-compute@developer.gserviceaccount.com","automaticUpdatePolicy":{}},"serviceConfig":{"service":"projects/janatamavi-edu/locations/us-central1/services/ongallerywrite","timeoutSeconds":60,"environmentVariables":{"FIREBASE_CONFIG":"{\"projectId\":\"janatamavi-edu\",\"storageBucket\":\"janatamavi-edu.firebasestorage.app\"}","GCLOUD_PROJECT":"janatamavi-edu","EVENTARC_CLOUD_EVENT_SOURCE":"projects/janatamavi-edu/locations/us-central1/services/onGalleryWrite","FUNCTION_SIGNATURE_TYPE":"cloudevent","FUNCTION_TARGET":"onGalleryWrite","LOG_EXECUTION_ID":"true"},"maxInstanceCount":12,"ingressSettings":"ALLOW_ALL","uri":"https://ongallerywrite-ta3s2rzu4a-uc.a.run.app","serviceAccountEmail":"160642356727-compute@developer.gserviceaccount.com","availableMemory":"256Mi","allTrafficOnLatestRevision":true,"revision":"ongallerywrite-00002-noh","maxInstanceRequestConcurrency":80,"availableCpu":"1"},"eventTrigger":{"trigger":"projects/janatamavi-edu/locations/asia-south2/triggers/ongallerywrite-630723","triggerRegion":"asia-south2","eventType":"google.cloud.firestore.document.v1.written","eventFilters":[{"attribute":"database","value":"janatamavi-db"},{"attribute":"namespace","value":"(default)"},{"attribute":"document","value":"gallery/{docId}","operator":"match-path-pattern"}],"pubsubTopic":"projects/janatamavi-edu/topics/eventarc-asia-south2-ongallerywrite-630723-339","serviceAccountEmail":"160642356727-compute@developer.gserviceaccount.com","retryPolicy":"RETRY_POLICY_DO_NOT_RETRY"},"state":"ACTIVE","updateTime":"2026-03-07T22:10:26.567632638Z","labels":{"deployment-tool":"cli-firebase","firebase-functions-hash":"cf3a868a9e1c491b72c425d8cb95a354a15a9813"},"environment":"GEN_2","url":"https://us-central1-janatamavi-edu.cloudfunctions.net/onGalleryWrite","createTime":"2026-03-05T03:36:00.069966595Z","satisfiesPzi":true},{"name":"projects/janatamavi-edu/locations/us-central1/functions/onMediaWrite","buildConfig":{"build":"projects/160642356727/locations/us-central1/builds/d622a5be-c8b9-4358-8e5c-cff6a45fdb6b","runtime":"nodejs20","entryPoint":"onMediaWrite","source":{"storageSource":{"bucket":"gcf-v2-sources-160642356727-us-central1","object":"onMediaWrite/function-source.zip","generation":"1772921418573919"}},"environmentVariables":{"GOOGLE_NODE_RUN_SCRIPTS":""},"dockerRepository":"projects/janatamavi-edu/locations/us-central1/repositories/gcf-artifacts","sourceProvenance":{"resolvedStorageSource":{"bucket":"gcf-v2-sources-160642356727-us-central1","object":"onMediaWrite/function-source.zip","generation":"1772921418573919"}},"dockerRegistry":"ARTIFACT_REGISTRY","serviceAccount":"projects/janatamavi-edu/serviceAccounts/160642356727-compute@developer.gserviceaccount.com","automaticUpdatePolicy":{}},"serviceConfig":{"service":"projects/janatamavi-edu/locations/us-central1/services/onmediawrite","timeoutSeconds":60,"environmentVariables":{"FIREBASE_CONFIG":"{\"projectId\":\"janatamavi-edu\",\"storageBucket\":\"janatamavi-edu.firebasestorage.app\"}","GCLOUD_PROJECT":"janatamavi-edu","EVENTARC_CLOUD_EVENT_SOURCE":"projects/janatamavi-edu/locations/us-central1/services/onMediaWrite","FUNCTION_SIGNATURE_TYPE":"cloudevent","FUNCTION_TARGET":"onMediaWrite","LOG_EXECUTION_ID":"true"},"maxInstanceCount":12,"ingressSettings":"ALLOW_ALL","uri":"https://onmediawrite-ta3s2rzu4a-uc.a.run.app","serviceAccountEmail":"160642356727-compute@developer.gserviceaccount.com","availableMemory":"256Mi","allTrafficOnLatestRevision":true,"revision":"onmediawrite-00002-men","maxInstanceRequestConcurrency":80,"availableCpu":"1"},"eventTrigger":{"trigger":"projects/janatamavi-edu/locations/asia-south2/triggers/onmediawrite-195033","triggerRegion":"asia-south2","eventType":"google.cloud.firestore.document.v1.written","eventFilters":[{"attribute":"document","value":"mediaFiles/{docId}","operator":"match-path-pattern"},{"attribute":"database","value":"janatamavi-db"},{"attribute":"namespace","value":"(default)"}],"pubsubTopic":"projects/janatamavi-edu/topics/eventarc-asia-south2-onmediawrite-195033-044","serviceAccountEmail":"160642356727-compute@developer.gserviceaccount.com","retryPolicy":"RETRY_POLICY_DO_NOT_RETRY"},"state":"ACTIVE","updateTime":"2026-03-07T22:10:26.751916001Z","labels":{"firebase-functions-hash":"cf3a868a9e1c491b72c425d8cb95a354a15a9813","deployment-tool":"cli-firebase"},"environment":"GEN_2","url":"https://us-central1-janatamavi-edu.cloudfunctions.net/onMediaWrite","createTime":"2026-03-05T03:37:00.749362467Z","satisfiesPzi":true}]}
[debug] [2026-03-07T23:54:01.119Z] Checked if tokens are valid: true, expires at: 1772931119292
[debug] [2026-03-07T23:54:01.119Z] Checked if tokens are valid: true, expires at: 1772931119292
[debug] [2026-03-07T23:54:01.119Z] >>> [apiv2][query] GET https://firestore.googleapis.com/v1/projects/janatamavi-edu/databases/janatamavi-db [none]
[debug] [2026-03-07T23:54:03.080Z] <<< [apiv2][status] GET https://firestore.googleapis.com/v1/projects/janatamavi-edu/databases/janatamavi-db 200
[debug] [2026-03-07T23:54:03.080Z] <<< [apiv2][body] GET https://firestore.googleapis.com/v1/projects/janatamavi-edu/databases/janatamavi-db {"name":"projects/janatamavi-edu/databases/janatamavi-db","uid":"cdc5b822-05a2-4c88-a08b-47c4fed97a8e","createTime":"2026-03-04T01:53:47.252917Z","updateTime":"2026-03-04T01:53:47.252917Z","locationId":"asia-south2","type":"FIRESTORE_NATIVE","concurrencyMode":"PESSIMISTIC","versionRetentionPeriod":"3600s","earliestVersionTime":"2026-03-07T22:53:59.543059Z","appEngineIntegrationMode":"DISABLED","pointInTimeRecoveryEnablement":"POINT_IN_TIME_RECOVERY_DISABLED","deleteProtectionState":"DELETE_PROTECTION_DISABLED","databaseEdition":"STANDARD","freeTier":true,"realtimeUpdatesMode":"REALTIME_UPDATES_MODE_ENABLED","etag":"IJezq5H+jpMDMKXBzeORhZMD"}
[info] i  functions: ensuring required API cloudscheduler.googleapis.com is enabled... 
[info] i  functions: ensuring required API run.googleapis.com is enabled... 
[info] i  functions: ensuring required API eventarc.googleapis.com is enabled... 
[info] i  functions: ensuring required API pubsub.googleapis.com is enabled... 
[info] i  functions: ensuring required API storage.googleapis.com is enabled... 
[info] i  functions: generating the service identity for pubsub.googleapis.com... 
[debug] [2026-03-07T23:54:03.095Z] Checked if tokens are valid: true, expires at: 1772931119292
[debug] [2026-03-07T23:54:03.095Z] Checked if tokens are valid: true, expires at: 1772931119292
[info] i  functions: generating the service identity for eventarc.googleapis.com... 
[debug] [2026-03-07T23:54:03.096Z] Checked if tokens are valid: true, expires at: 1772931119292
[debug] [2026-03-07T23:54:03.096Z] Checked if tokens are valid: true, expires at: 1772931119292
[debug] [2026-03-07T23:54:03.096Z] >>> [apiv2][query] POST https://serviceusage.googleapis.com/v1beta1/projects/160642356727/services/pubsub.googleapis.com:generateServiceIdentity [none]
[debug] [2026-03-07T23:54:03.097Z] >>> [apiv2][(partial)header] POST https://serviceusage.googleapis.com/v1beta1/projects/160642356727/services/pubsub.googleapis.com:generateServiceIdentity  x-goog-user-project=160642356727
[debug] [2026-03-07T23:54:03.097Z] >>> [apiv2][body] POST https://serviceusage.googleapis.com/v1beta1/projects/160642356727/services/pubsub.googleapis.com:generateServiceIdentity {}
[debug] [2026-03-07T23:54:03.099Z] >>> [apiv2][query] POST https://serviceusage.googleapis.com/v1beta1/projects/160642356727/services/eventarc.googleapis.com:generateServiceIdentity [none]
[debug] [2026-03-07T23:54:03.099Z] >>> [apiv2][(partial)header] POST https://serviceusage.googleapis.com/v1beta1/projects/160642356727/services/eventarc.googleapis.com:generateServiceIdentity  x-goog-user-project=160642356727
[debug] [2026-03-07T23:54:03.100Z] >>> [apiv2][body] POST https://serviceusage.googleapis.com/v1beta1/projects/160642356727/services/eventarc.googleapis.com:generateServiceIdentity {}
[debug] [2026-03-07T23:54:03.584Z] <<< [apiv2][status] POST https://serviceusage.googleapis.com/v1beta1/projects/160642356727/services/pubsub.googleapis.com:generateServiceIdentity 200
[debug] [2026-03-07T23:54:03.584Z] <<< [apiv2][body] POST https://serviceusage.googleapis.com/v1beta1/projects/160642356727/services/pubsub.googleapis.com:generateServiceIdentity {"name":"operations/finished.DONE_OPERATION","done":true,"response":{"@type":"type.googleapis.com/google.api.serviceusage.v1beta1.ServiceIdentity","email":"service-160642356727@gcp-sa-pubsub.iam.gserviceaccount.com","uniqueId":"118114480675457801696"}}
[debug] [2026-03-07T23:54:03.594Z] <<< [apiv2][status] POST https://serviceusage.googleapis.com/v1beta1/projects/160642356727/services/eventarc.googleapis.com:generateServiceIdentity 200
[debug] [2026-03-07T23:54:03.594Z] <<< [apiv2][body] POST https://serviceusage.googleapis.com/v1beta1/projects/160642356727/services/eventarc.googleapis.com:generateServiceIdentity {"name":"operations/finished.DONE_OPERATION","done":true,"response":{"@type":"type.googleapis.com/google.api.serviceusage.v1beta1.ServiceIdentity","email":"service-160642356727@gcp-sa-eventarc.iam.gserviceaccount.com","uniqueId":"109477339843999002229"}}
[debug] [2026-03-07T23:54:03.598Z] Checked if tokens are valid: true, expires at: 1772931119292
[debug] [2026-03-07T23:54:03.598Z] Checked if tokens are valid: true, expires at: 1772931119292
[debug] [2026-03-07T23:54:03.599Z] >>> [apiv2][query] GET https://cloudresourcemanager.googleapis.com/v1/projects/janatamavi-edu [none]
[debug] [2026-03-07T23:54:03.982Z] <<< [apiv2][status] GET https://cloudresourcemanager.googleapis.com/v1/projects/janatamavi-edu 200
[debug] [2026-03-07T23:54:03.982Z] <<< [apiv2][body] GET https://cloudresourcemanager.googleapis.com/v1/projects/janatamavi-edu {"projectNumber":"160642356727","projectId":"janatamavi-edu","lifecycleState":"ACTIVE","name":"janatamavi-edu","labels":{"firebase":"enabled","firebase-core":"disabled"},"createTime":"2026-02-27T21:31:54.261301Z"}
[debug] [2026-03-07T23:54:03.982Z] Checked if tokens are valid: true, expires at: 1772931119292
[debug] [2026-03-07T23:54:03.982Z] Checked if tokens are valid: true, expires at: 1772931119292
[debug] [2026-03-07T23:54:03.983Z] >>> [apiv2][query] GET https://compute.googleapis.com/compute/v1/projects/160642356727 [none]
[debug] [2026-03-07T23:54:04.214Z] <<< [apiv2][status] GET https://compute.googleapis.com/compute/v1/projects/160642356727 403
[debug] [2026-03-07T23:54:04.214Z] <<< [apiv2][body] GET https://compute.googleapis.com/compute/v1/projects/160642356727 {"error":{"code":403,"message":"Compute Engine API has not been used in project 160642356727 before or it is disabled. Enable it by visiting https://console.developers.google.com/apis/api/compute.googleapis.com/overview?project=160642356727 then retry. If you enabled this API recently, wait a few minutes for the action to propagate to our systems and retry.","errors":[{"message":"Compute Engine API has not been used in project 160642356727 before or it is disabled. Enable it by visiting https://console.developers.google.com/apis/api/compute.googleapis.com/overview?project=160642356727 then retry. If you enabled this API recently, wait a few minutes for the action to propagate to our systems and retry.","domain":"usageLimits","reason":"accessNotConfigured","extendedHelp":"https://console.developers.google.com"}],"status":"PERMISSION_DENIED","details":[{"@type":"type.googleapis.com/google.rpc.ErrorInfo","reason":"SERVICE_DISABLED","domain":"googleapis.com","metadata":{"containerInfo":"160642356727","consumer":"projects/160642356727","service":"compute.googleapis.com","activationUrl":"https://console.developers.google.com/apis/api/compute.googleapis.com/overview?project=160642356727","serviceTitle":"Compute Engine API"}},{"@type":"type.googleapis.com/google.rpc.LocalizedMessage","locale":"en-US","message":"Compute Engine API has not been used in project 160642356727 before or it is disabled. Enable it by visiting https://console.developers.google.com/apis/api/compute.googleapis.com/overview?project=160642356727 then retry. If you enabled this API recently, wait a few minutes for the action to propagate to our systems and retry."},{"@type":"type.googleapis.com/google.rpc.Help","links":[{"description":"Google developers console API activation","url":"https://console.developers.google.com/apis/api/compute.googleapis.com/overview?project=160642356727"}]}]}}
[debug] [2026-03-07T23:54:04.215Z] unable to look up default compute service account. Falling back to 160642356727-compute@developer.gserviceaccount.com. Error: {"name":"FirebaseError","children":[],"context":{"body":{"error":{"code":403,"message":"Compute Engine API has not been used in project 160642356727 before or it is disabled. Enable it by visiting https://console.developers.google.com/apis/api/compute.googleapis.com/overview?project=160642356727 then retry. If you enabled this API recently, wait a few minutes for the action to propagate to our systems and retry.","errors":[{"message":"Compute Engine API has not been used in project 160642356727 before or it is disabled. Enable it by visiting https://console.developers.google.com/apis/api/compute.googleapis.com/overview?project=160642356727 then retry. If you enabled this API recently, wait a few minutes for the action to propagate to our systems and retry.","domain":"usageLimits","reason":"accessNotConfigured","extendedHelp":"https://console.developers.google.com"}],"status":"PERMISSION_DENIED","details":[{"@type":"type.googleapis.com/google.rpc.ErrorInfo","reason":"SERVICE_DISABLED","domain":"googleapis.com","metadata":{"containerInfo":"160642356727","consumer":"projects/160642356727","service":"compute.googleapis.com","activationUrl":"https://console.developers.google.com/apis/api/compute.googleapis.com/overview?project=160642356727","serviceTitle":"Compute Engine API"}},{"@type":"type.googleapis.com/google.rpc.LocalizedMessage","locale":"en-US","message":"Compute Engine API has not been used in project 160642356727 before or it is disabled. Enable it by visiting https://console.developers.google.com/apis/api/compute.googleapis.com/overview?project=160642356727 then retry. If you enabled this API recently, wait a few minutes for the action to propagate to our systems and retry."},{"@type":"type.googleapis.com/google.rpc.Help","links":[{"description":"Google developers console API activation","url":"https://console.developers.google.com/apis/api/compute.googleapis.com/overview?project=160642356727"}]}]}},"response":{"statusCode":403}},"exit":1,"message":"Request to https://compute.googleapis.com/compute/v1/projects/160642356727 had HTTP Error: 403, Compute Engine API has not been used in project 160642356727 before or it is disabled. Enable it by visiting https://console.developers.google.com/apis/api/compute.googleapis.com/overview?project=160642356727 then retry. If you enabled this API recently, wait a few minutes for the action to propagate to our systems and retry.","status":403}
[debug] [2026-03-07T23:54:04.215Z] Checked if tokens are valid: true, expires at: 1772931119292
[debug] [2026-03-07T23:54:04.215Z] Checked if tokens are valid: true, expires at: 1772931119292
[debug] [2026-03-07T23:54:04.216Z] >>> [apiv2][query] GET https://compute.googleapis.com/compute/v1/projects/160642356727 [none]
[debug] [2026-03-07T23:54:04.310Z] <<< [apiv2][status] GET https://compute.googleapis.com/compute/v1/projects/160642356727 403
[debug] [2026-03-07T23:54:04.310Z] <<< [apiv2][body] GET https://compute.googleapis.com/compute/v1/projects/160642356727 {"error":{"code":403,"message":"Compute Engine API has not been used in project 160642356727 before or it is disabled. Enable it by visiting https://console.developers.google.com/apis/api/compute.googleapis.com/overview?project=160642356727 then retry. If you enabled this API recently, wait a few minutes for the action to propagate to our systems and retry.","errors":[{"message":"Compute Engine API has not been used in project 160642356727 before or it is disabled. Enable it by visiting https://console.developers.google.com/apis/api/compute.googleapis.com/overview?project=160642356727 then retry. If you enabled this API recently, wait a few minutes for the action to propagate to our systems and retry.","domain":"usageLimits","reason":"accessNotConfigured","extendedHelp":"https://console.developers.google.com"}],"status":"PERMISSION_DENIED","details":[{"@type":"type.googleapis.com/google.rpc.ErrorInfo","reason":"SERVICE_DISABLED","domain":"googleapis.com","metadata":{"service":"compute.googleapis.com","activationUrl":"https://console.developers.google.com/apis/api/compute.googleapis.com/overview?project=160642356727","containerInfo":"160642356727","serviceTitle":"Compute Engine API","consumer":"projects/160642356727"}},{"@type":"type.googleapis.com/google.rpc.LocalizedMessage","locale":"en-US","message":"Compute Engine API has not been used in project 160642356727 before or it is disabled. Enable it by visiting https://console.developers.google.com/apis/api/compute.googleapis.com/overview?project=160642356727 then retry. If you enabled this API recently, wait a few minutes for the action to propagate to our systems and retry."},{"@type":"type.googleapis.com/google.rpc.Help","links":[{"description":"Google developers console API activation","url":"https://console.developers.google.com/apis/api/compute.googleapis.com/overview?project=160642356727"}]}]}}
[debug] [2026-03-07T23:54:04.311Z] unable to look up default compute service account. Falling back to 160642356727-compute@developer.gserviceaccount.com. Error: {"name":"FirebaseError","children":[],"context":{"body":{"error":{"code":403,"message":"Compute Engine API has not been used in project 160642356727 before or it is disabled. Enable it by visiting https://console.developers.google.com/apis/api/compute.googleapis.com/overview?project=160642356727 then retry. If you enabled this API recently, wait a few minutes for the action to propagate to our systems and retry.","errors":[{"message":"Compute Engine API has not been used in project 160642356727 before or it is disabled. Enable it by visiting https://console.developers.google.com/apis/api/compute.googleapis.com/overview?project=160642356727 then retry. If you enabled this API recently, wait a few minutes for the action to propagate to our systems and retry.","domain":"usageLimits","reason":"accessNotConfigured","extendedHelp":"https://console.developers.google.com"}],"status":"PERMISSION_DENIED","details":[{"@type":"type.googleapis.com/google.rpc.ErrorInfo","reason":"SERVICE_DISABLED","domain":"googleapis.com","metadata":{"service":"compute.googleapis.com","activationUrl":"https://console.developers.google.com/apis/api/compute.googleapis.com/overview?project=160642356727","containerInfo":"160642356727","serviceTitle":"Compute Engine API","consumer":"projects/160642356727"}},{"@type":"type.googleapis.com/google.rpc.LocalizedMessage","locale":"en-US","message":"Compute Engine API has not been used in project 160642356727 before or it is disabled. Enable it by visiting https://console.developers.google.com/apis/api/compute.googleapis.com/overview?project=160642356727 then retry. If you enabled this API recently, wait a few minutes for the action to propagate to our systems and retry."},{"@type":"type.googleapis.com/google.rpc.Help","links":[{"description":"Google developers console API activation","url":"https://console.developers.google.com/apis/api/compute.googleapis.com/overview?project=160642356727"}]}]}},"response":{"statusCode":403}},"exit":1,"message":"Request to https://compute.googleapis.com/compute/v1/projects/160642356727 had HTTP Error: 403, Compute Engine API has not been used in project 160642356727 before or it is disabled. Enable it by visiting https://console.developers.google.com/apis/api/compute.googleapis.com/overview?project=160642356727 then retry. If you enabled this API recently, wait a few minutes for the action to propagate to our systems and retry.","status":403}
[debug] [2026-03-07T23:54:04.311Z] Checked if tokens are valid: true, expires at: 1772931119292
[debug] [2026-03-07T23:54:04.311Z] Checked if tokens are valid: true, expires at: 1772931119292
[debug] [2026-03-07T23:54:04.311Z] >>> [apiv2][query] GET https://compute.googleapis.com/compute/v1/projects/160642356727 [none]
[debug] [2026-03-07T23:54:04.393Z] <<< [apiv2][status] GET https://compute.googleapis.com/compute/v1/projects/160642356727 403
[debug] [2026-03-07T23:54:04.393Z] <<< [apiv2][body] GET https://compute.googleapis.com/compute/v1/projects/160642356727 {"error":{"code":403,"message":"Compute Engine API has not been used in project 160642356727 before or it is disabled. Enable it by visiting https://console.developers.google.com/apis/api/compute.googleapis.com/overview?project=160642356727 then retry. If you enabled this API recently, wait a few minutes for the action to propagate to our systems and retry.","errors":[{"message":"Compute Engine API has not been used in project 160642356727 before or it is disabled. Enable it by visiting https://console.developers.google.com/apis/api/compute.googleapis.com/overview?project=160642356727 then retry. If you enabled this API recently, wait a few minutes for the action to propagate to our systems and retry.","domain":"usageLimits","reason":"accessNotConfigured","extendedHelp":"https://console.developers.google.com"}],"status":"PERMISSION_DENIED","details":[{"@type":"type.googleapis.com/google.rpc.ErrorInfo","reason":"SERVICE_DISABLED","domain":"googleapis.com","metadata":{"consumer":"projects/160642356727","activationUrl":"https://console.developers.google.com/apis/api/compute.googleapis.com/overview?project=160642356727","containerInfo":"160642356727","service":"compute.googleapis.com","serviceTitle":"Compute Engine API"}},{"@type":"type.googleapis.com/google.rpc.LocalizedMessage","locale":"en-US","message":"Compute Engine API has not been used in project 160642356727 before or it is disabled. Enable it by visiting https://console.developers.google.com/apis/api/compute.googleapis.com/overview?project=160642356727 then retry. If you enabled this API recently, wait a few minutes for the action to propagate to our systems and retry."},{"@type":"type.googleapis.com/google.rpc.Help","links":[{"description":"Google developers console API activation","url":"https://console.developers.google.com/apis/api/compute.googleapis.com/overview?project=160642356727"}]}]}}
[debug] [2026-03-07T23:54:04.394Z] unable to look up default compute service account. Falling back to 160642356727-compute@developer.gserviceaccount.com. Error: {"name":"FirebaseError","children":[],"context":{"body":{"error":{"code":403,"message":"Compute Engine API has not been used in project 160642356727 before or it is disabled. Enable it by visiting https://console.developers.google.com/apis/api/compute.googleapis.com/overview?project=160642356727 then retry. If you enabled this API recently, wait a few minutes for the action to propagate to our systems and retry.","errors":[{"message":"Compute Engine API has not been used in project 160642356727 before or it is disabled. Enable it by visiting https://console.developers.google.com/apis/api/compute.googleapis.com/overview?project=160642356727 then retry. If you enabled this API recently, wait a few minutes for the action to propagate to our systems and retry.","domain":"usageLimits","reason":"accessNotConfigured","extendedHelp":"https://console.developers.google.com"}],"status":"PERMISSION_DENIED","details":[{"@type":"type.googleapis.com/google.rpc.ErrorInfo","reason":"SERVICE_DISABLED","domain":"googleapis.com","metadata":{"consumer":"projects/160642356727","activationUrl":"https://console.developers.google.com/apis/api/compute.googleapis.com/overview?project=160642356727","containerInfo":"160642356727","service":"compute.googleapis.com","serviceTitle":"Compute Engine API"}},{"@type":"type.googleapis.com/google.rpc.LocalizedMessage","locale":"en-US","message":"Compute Engine API has not been used in project 160642356727 before or it is disabled. Enable it by visiting https://console.developers.google.com/apis/api/compute.googleapis.com/overview?project=160642356727 then retry. If you enabled this API recently, wait a few minutes for the action to propagate to our systems and retry."},{"@type":"type.googleapis.com/google.rpc.Help","links":[{"description":"Google developers console API activation","url":"https://console.developers.google.com/apis/api/compute.googleapis.com/overview?project=160642356727"}]}]}},"response":{"statusCode":403}},"exit":1,"message":"Request to https://compute.googleapis.com/compute/v1/projects/160642356727 had HTTP Error: 403, Compute Engine API has not been used in project 160642356727 before or it is disabled. Enable it by visiting https://console.developers.google.com/apis/api/compute.googleapis.com/overview?project=160642356727 then retry. If you enabled this API recently, wait a few minutes for the action to propagate to our systems and retry.","status":403}
[debug] [2026-03-07T23:54:04.399Z] Checked if tokens are valid: true, expires at: 1772931119292
[debug] [2026-03-07T23:54:04.399Z] Checked if tokens are valid: true, expires at: 1772931119292
[debug] [2026-03-07T23:54:04.400Z] >>> [apiv2][query] POST https://firebasehosting.googleapis.com/v1beta1/projects/-/sites/janatamavi-edu/versions [none]
[debug] [2026-03-07T23:54:04.400Z] >>> [apiv2][body] POST https://firebasehosting.googleapis.com/v1beta1/projects/-/sites/janatamavi-edu/versions {"status":"CREATED","labels":{"deployment-tool":"cli-firebase","firebase-web-framework":"next_ssr"}}
[debug] [2026-03-07T23:54:05.541Z] <<< [apiv2][status] POST https://firebasehosting.googleapis.com/v1beta1/projects/-/sites/janatamavi-edu/versions 200
[debug] [2026-03-07T23:54:05.541Z] <<< [apiv2][body] POST https://firebasehosting.googleapis.com/v1beta1/projects/-/sites/janatamavi-edu/versions {"name":"projects/160642356727/sites/janatamavi-edu/versions/98ff19a56f0df963","status":"CREATED","config":{},"labels":{"deployment-tool":"cli-firebase","firebase-web-framework":"next_ssr"}}
[debug] [2026-03-07T23:54:05.543Z] Checked if tokens are valid: true, expires at: 1772931119292
[debug] [2026-03-07T23:54:05.543Z] Checked if tokens are valid: true, expires at: 1772931119292
[debug] [2026-03-07T23:54:05.544Z] >>> [apiv2][query] GET https://firebaserules.googleapis.com/v1/projects/janatamavi-edu/releases pageSize=10&pageToken=
[debug] [2026-03-07T23:54:05.760Z] <<< [apiv2][status] GET https://firebaserules.googleapis.com/v1/projects/janatamavi-edu/releases 200
[debug] [2026-03-07T23:54:05.761Z] <<< [apiv2][body] GET https://firebaserules.googleapis.com/v1/projects/janatamavi-edu/releases {"releases":[{"name":"projects/janatamavi-edu/releases/cloud.firestore/janatamavi-db","rulesetName":"projects/janatamavi-edu/rulesets/5a631571-6baa-4ce1-8e66-db237ea9f237","createTime":"2026-03-04T01:53:52.752376Z","updateTime":"2026-03-07T23:26:50.872304Z"},{"name":"projects/janatamavi-edu/releases/firebase.storage/janatamavi-edu.firebasestorage.app","rulesetName":"projects/janatamavi-edu/rulesets/2f89e262-7e6b-4f11-9c6c-2af2fea14fe9","createTime":"2026-03-03T02:54:54.832073Z","updateTime":"2026-03-07T23:26:50.485961Z"}]}
[debug] [2026-03-07T23:54:05.792Z] Checked if tokens are valid: true, expires at: 1772931119292
[debug] [2026-03-07T23:54:05.792Z] Checked if tokens are valid: true, expires at: 1772931119292
[debug] [2026-03-07T23:54:05.792Z] >>> [apiv2][query] GET https://firebaserules.googleapis.com/v1/projects/janatamavi-edu/rulesets/2f89e262-7e6b-4f11-9c6c-2af2fea14fe9 [none]
[debug] [2026-03-07T23:54:05.891Z] <<< [apiv2][status] GET https://firebaserules.googleapis.com/v1/projects/janatamavi-edu/rulesets/2f89e262-7e6b-4f11-9c6c-2af2fea14fe9 200
[debug] [2026-03-07T23:54:05.891Z] <<< [apiv2][body] GET https://firebaserules.googleapis.com/v1/projects/janatamavi-edu/rulesets/2f89e262-7e6b-4f11-9c6c-2af2fea14fe9 [omitted]
[info] i  storage: latest version of storage.rules already up to date, skipping upload... 
[debug] [2026-03-07T23:54:05.893Z] Checked if tokens are valid: true, expires at: 1772931119292
[debug] [2026-03-07T23:54:05.893Z] Checked if tokens are valid: true, expires at: 1772931119292
[debug] [2026-03-07T23:54:05.893Z] >>> [apiv2][query] GET https://firebaserules.googleapis.com/v1/projects/janatamavi-edu/releases pageSize=10&pageToken=
[debug] [2026-03-07T23:54:06.036Z] <<< [apiv2][status] GET https://firebaserules.googleapis.com/v1/projects/janatamavi-edu/releases 200
[debug] [2026-03-07T23:54:06.037Z] <<< [apiv2][body] GET https://firebaserules.googleapis.com/v1/projects/janatamavi-edu/releases {"releases":[{"name":"projects/janatamavi-edu/releases/cloud.firestore/janatamavi-db","rulesetName":"projects/janatamavi-edu/rulesets/5a631571-6baa-4ce1-8e66-db237ea9f237","createTime":"2026-03-04T01:53:52.752376Z","updateTime":"2026-03-07T23:26:50.872304Z"},{"name":"projects/janatamavi-edu/releases/firebase.storage/janatamavi-edu.firebasestorage.app","rulesetName":"projects/janatamavi-edu/rulesets/2f89e262-7e6b-4f11-9c6c-2af2fea14fe9","createTime":"2026-03-03T02:54:54.832073Z","updateTime":"2026-03-07T23:26:50.485961Z"}]}
[debug] [2026-03-07T23:54:06.037Z] Checked if tokens are valid: true, expires at: 1772931119292
[debug] [2026-03-07T23:54:06.037Z] Checked if tokens are valid: true, expires at: 1772931119292
[debug] [2026-03-07T23:54:06.037Z] >>> [apiv2][query] GET https://firebaserules.googleapis.com/v1/projects/janatamavi-edu/rulesets/5a631571-6baa-4ce1-8e66-db237ea9f237 [none]
[debug] [2026-03-07T23:54:06.226Z] <<< [apiv2][status] GET https://firebaserules.googleapis.com/v1/projects/janatamavi-edu/rulesets/5a631571-6baa-4ce1-8e66-db237ea9f237 200
[debug] [2026-03-07T23:54:06.226Z] <<< [apiv2][body] GET https://firebaserules.googleapis.com/v1/projects/janatamavi-edu/rulesets/5a631571-6baa-4ce1-8e66-db237ea9f237 [omitted]
[info] i  firestore: latest version of firestore.rules already up to date, skipping upload... 
[info] i  firestore: deploying indexes... 
[debug] [2026-03-07T23:54:06.231Z] Checked if tokens are valid: true, expires at: 1772931119292
[debug] [2026-03-07T23:54:06.231Z] Checked if tokens are valid: true, expires at: 1772931119292
[debug] [2026-03-07T23:54:06.231Z] >>> [apiv2][query] GET https://firestore.googleapis.com/v1/projects/janatamavi-edu/databases/janatamavi-db/collectionGroups/-/indexes [none]
[debug] [2026-03-07T23:54:06.629Z] <<< [apiv2][status] GET https://firestore.googleapis.com/v1/projects/janatamavi-edu/databases/janatamavi-db/collectionGroups/-/indexes 200
[debug] [2026-03-07T23:54:06.629Z] <<< [apiv2][body] GET https://firestore.googleapis.com/v1/projects/janatamavi-edu/databases/janatamavi-db/collectionGroups/-/indexes {"indexes":[{"name":"projects/janatamavi-edu/databases/janatamavi-db/collectionGroups/programs/indexes/CICAgJim14AK","queryScope":"COLLECTION","fields":[{"fieldPath":"isPublished","order":"ASCENDING"},{"fieldPath":"displayOrder","order":"ASCENDING"},{"fieldPath":"__name__","order":"ASCENDING"}],"state":"READY","density":"SPARSE_ALL"},{"name":"projects/janatamavi-edu/databases/janatamavi-db/collectionGroups/announcements/indexes/CICAgOjXh4EK","queryScope":"COLLECTION","fields":[{"fieldPath":"isPublished","order":"ASCENDING"},{"fieldPath":"publishedDate","order":"DESCENDING"},{"fieldPath":"__name__","order":"DESCENDING"}],"state":"READY","density":"SPARSE_ALL"},{"name":"projects/janatamavi-edu/databases/janatamavi-db/collectionGroups/faculty/indexes/CICAgJj7z4EK","queryScope":"COLLECTION","fields":[{"fieldPath":"isPublished","order":"ASCENDING"},{"fieldPath":"displayOrder","order":"ASCENDING"},{"fieldPath":"__name__","order":"ASCENDING"}],"state":"READY","density":"SPARSE_ALL"},{"name":"projects/janatamavi-edu/databases/janatamavi-db/collectionGroups/articles/indexes/CICAgJjF9oIK","queryScope":"COLLECTION","fields":[{"fieldPath":"isPublished","order":"ASCENDING"},{"fieldPath":"publishedDate","order":"DESCENDING"},{"fieldPath":"__name__","order":"DESCENDING"}],"state":"READY","density":"SPARSE_ALL"},{"name":"projects/janatamavi-edu/databases/janatamavi-db/collectionGroups/events/indexes/CICAgJiUpoMK","queryScope":"COLLECTION","fields":[{"fieldPath":"isPublished","order":"ASCENDING"},{"fieldPath":"startDate","order":"ASCENDING"},{"fieldPath":"__name__","order":"ASCENDING"}],"state":"READY","density":"SPARSE_ALL"},{"name":"projects/janatamavi-edu/databases/janatamavi-db/collectionGroups/gallery/indexes/CICAgJjmnIgK","queryScope":"COLLECTION","fields":[{"fieldPath":"isPublished","order":"ASCENDING"},{"fieldPath":"displayOrder","order":"DESCENDING"},{"fieldPath":"__name__","order":"DESCENDING"}],"state":"READY","density":"SPARSE_ALL"},{"name":"projects/janatamavi-edu/databases/janatamavi-db/collectionGroups/facultyFiles/indexes/CICAgOi3kJAK","queryScope":"COLLECTION","fields":[{"fieldPath":"ownerId","order":"ASCENDING"},{"fieldPath":"createdAt","order":"DESCENDING"},{"fieldPath":"__name__","order":"DESCENDING"}],"state":"READY","density":"SPARSE_ALL"},{"name":"projects/janatamavi-edu/databases/janatamavi-db/collectionGroups/heroImages/indexes/CICAgJjmiJEK","queryScope":"COLLECTION","fields":[{"fieldPath":"isActive","order":"ASCENDING"},{"fieldPath":"displayOrder","order":"ASCENDING"},{"fieldPath":"__name__","order":"ASCENDING"}],"state":"READY","density":"SPARSE_ALL"},{"name":"projects/janatamavi-edu/databases/janatamavi-db/collectionGroups/facultyFolders/indexes/CICAgJjFqZMK","queryScope":"COLLECTION","fields":[{"fieldPath":"ownerId","order":"ASCENDING"},{"fieldPath":"parentFolderId","order":"ASCENDING"},{"fieldPath":"createdAt","order":"DESCENDING"},{"fieldPath":"__name__","order":"DESCENDING"}],"state":"READY","density":"SPARSE_ALL"},{"name":"projects/janatamavi-edu/databases/janatamavi-db/collectionGroups/facultyFiles/indexes/CICAgJjm-pkK","queryScope":"COLLECTION","fields":[{"fieldPath":"ownerId","order":"ASCENDING"},{"fieldPath":"folderId","order":"ASCENDING"},{"fieldPath":"createdAt","order":"DESCENDING"},{"fieldPath":"__name__","order":"DESCENDING"}],"state":"READY","density":"SPARSE_ALL"}]}
[debug] [2026-03-07T23:54:06.629Z] Checked if tokens are valid: true, expires at: 1772931119292
[debug] [2026-03-07T23:54:06.630Z] Checked if tokens are valid: true, expires at: 1772931119292
[debug] [2026-03-07T23:54:06.630Z] >>> [apiv2][query] GET https://firestore.googleapis.com/v1/projects/janatamavi-edu/databases/janatamavi-db/collectionGroups/-/fields?filter=indexConfig.usesAncestorConfig=false OR ttlConfig:* [none]
[debug] [2026-03-07T23:54:07.000Z] <<< [apiv2][status] GET https://firestore.googleapis.com/v1/projects/janatamavi-edu/databases/janatamavi-db/collectionGroups/-/fields?filter=indexConfig.usesAncestorConfig=false OR ttlConfig:* 200
[debug] [2026-03-07T23:54:07.000Z] <<< [apiv2][body] GET https://firestore.googleapis.com/v1/projects/janatamavi-edu/databases/janatamavi-db/collectionGroups/-/fields?filter=indexConfig.usesAncestorConfig=false OR ttlConfig:* {"fields":[{"name":"projects/janatamavi-edu/databases/janatamavi-db/collectionGroups/__default__/fields/*","indexConfig":{"indexes":[{"queryScope":"COLLECTION","fields":[{"fieldPath":"*","order":"ASCENDING"}],"state":"READY"},{"queryScope":"COLLECTION","fields":[{"fieldPath":"*","order":"DESCENDING"}],"state":"READY"},{"queryScope":"COLLECTION","fields":[{"fieldPath":"*","arrayConfig":"CONTAINS"}],"state":"READY"}]}}]}
[debug] [2026-03-07T23:54:07.001Z] Checked if tokens are valid: true, expires at: 1772931119292
[debug] [2026-03-07T23:54:07.001Z] Checked if tokens are valid: true, expires at: 1772931119292
[debug] [2026-03-07T23:54:07.001Z] >>> [apiv2][query] GET https://firestore.googleapis.com/v1/projects/janatamavi-edu/databases/janatamavi-db [none]
[debug] [2026-03-07T23:54:07.337Z] <<< [apiv2][status] GET https://firestore.googleapis.com/v1/projects/janatamavi-edu/databases/janatamavi-db 200
[debug] [2026-03-07T23:54:07.338Z] <<< [apiv2][body] GET https://firestore.googleapis.com/v1/projects/janatamavi-edu/databases/janatamavi-db {"name":"projects/janatamavi-edu/databases/janatamavi-db","uid":"cdc5b822-05a2-4c88-a08b-47c4fed97a8e","createTime":"2026-03-04T01:53:47.252917Z","updateTime":"2026-03-04T01:53:47.252917Z","locationId":"asia-south2","type":"FIRESTORE_NATIVE","concurrencyMode":"PESSIMISTIC","versionRetentionPeriod":"3600s","earliestVersionTime":"2026-03-07T22:54:03.802079Z","appEngineIntegrationMode":"DISABLED","pointInTimeRecoveryEnablement":"POINT_IN_TIME_RECOVERY_DISABLED","deleteProtectionState":"DELETE_PROTECTION_DISABLED","databaseEdition":"STANDARD","freeTier":true,"realtimeUpdatesMode":"REALTIME_UPDATES_MODE_ENABLED","etag":"IKmur5P+jpMDMKXBzeORhZMD"}
[debug] [2026-03-07T23:54:07.339Z] Skipping existing index: {"collectionGroup":"announcements","queryScope":"COLLECTION","fields":[{"fieldPath":"isPublished","order":"ASCENDING"},{"fieldPath":"publishedDate","order":"DESCENDING"},{"fieldPath":"__name__","order":"DESCENDING"}]}
[debug] [2026-03-07T23:54:07.339Z] Skipping existing index: {"collectionGroup":"events","queryScope":"COLLECTION","fields":[{"fieldPath":"isPublished","order":"ASCENDING"},{"fieldPath":"startDate","order":"ASCENDING"},{"fieldPath":"__name__","order":"ASCENDING"}]}
[debug] [2026-03-07T23:54:07.339Z] Skipping existing index: {"collectionGroup":"programs","queryScope":"COLLECTION","fields":[{"fieldPath":"isPublished","order":"ASCENDING"},{"fieldPath":"displayOrder","order":"ASCENDING"},{"fieldPath":"__name__","order":"ASCENDING"}]}
[debug] [2026-03-07T23:54:07.339Z] Skipping existing index: {"collectionGroup":"articles","queryScope":"COLLECTION","fields":[{"fieldPath":"isPublished","order":"ASCENDING"},{"fieldPath":"publishedDate","order":"DESCENDING"},{"fieldPath":"__name__","order":"DESCENDING"}]}
[debug] [2026-03-07T23:54:07.339Z] Skipping existing index: {"collectionGroup":"faculty","queryScope":"COLLECTION","fields":[{"fieldPath":"isPublished","order":"ASCENDING"},{"fieldPath":"displayOrder","order":"ASCENDING"},{"fieldPath":"__name__","order":"ASCENDING"}]}
[debug] [2026-03-07T23:54:07.339Z] Skipping existing index: {"collectionGroup":"gallery","queryScope":"COLLECTION","fields":[{"fieldPath":"isPublished","order":"ASCENDING"},{"fieldPath":"displayOrder","order":"DESCENDING"},{"fieldPath":"__name__","order":"DESCENDING"}]}
[debug] [2026-03-07T23:54:07.339Z] Skipping existing index: {"collectionGroup":"heroImages","queryScope":"COLLECTION","fields":[{"fieldPath":"isActive","order":"ASCENDING"},{"fieldPath":"displayOrder","order":"ASCENDING"},{"fieldPath":"__name__","order":"ASCENDING"}]}
[debug] [2026-03-07T23:54:07.339Z] Skipping existing index: {"collectionGroup":"facultyFolders","queryScope":"COLLECTION","fields":[{"fieldPath":"ownerId","order":"ASCENDING"},{"fieldPath":"parentFolderId","order":"ASCENDING"},{"fieldPath":"createdAt","order":"DESCENDING"},{"fieldPath":"__name__","order":"DESCENDING"}]}
[debug] [2026-03-07T23:54:07.339Z] Skipping existing index: {"collectionGroup":"facultyFiles","queryScope":"COLLECTION","fields":[{"fieldPath":"ownerId","order":"ASCENDING"},{"fieldPath":"folderId","order":"ASCENDING"},{"fieldPath":"createdAt","order":"DESCENDING"},{"fieldPath":"__name__","order":"DESCENDING"}]}
[debug] [2026-03-07T23:54:07.339Z] Skipping existing index: {"collectionGroup":"facultyFiles","queryScope":"COLLECTION","fields":[{"fieldPath":"ownerId","order":"ASCENDING"},{"fieldPath":"createdAt","order":"DESCENDING"},{"fieldPath":"__name__","order":"DESCENDING"}]}
[info] +  firestore: deployed indexes in firestore.indexes.json successfully for janatamavi-db database 
[debug] [2026-03-07T23:54:07.340Z] Checked if tokens are valid: true, expires at: 1772931119292
[debug] [2026-03-07T23:54:07.340Z] Checked if tokens are valid: true, expires at: 1772931119292
[debug] [2026-03-07T23:54:07.341Z] >>> [apiv2][query] GET https://cloudbilling.googleapis.com/v1/projects/janatamavi-edu/billingInfo [none]
[debug] [2026-03-07T23:54:07.612Z] <<< [apiv2][status] GET https://cloudbilling.googleapis.com/v1/projects/janatamavi-edu/billingInfo 200
[debug] [2026-03-07T23:54:07.613Z] <<< [apiv2][body] GET https://cloudbilling.googleapis.com/v1/projects/janatamavi-edu/billingInfo {"name":"projects/janatamavi-edu/billingInfo","projectId":"janatamavi-edu","billingAccountName":"billingAccounts/01E101-374F6C-EF027B","billingEnabled":true}
[debug] [2026-03-07T23:54:07.615Z] Checked if tokens are valid: true, expires at: 1772931119292
[debug] [2026-03-07T23:54:07.616Z] Checked if tokens are valid: true, expires at: 1772931119292
[debug] [2026-03-07T23:54:07.616Z] >>> [apiv2][query] POST https://cloudfunctions.googleapis.com/v2/projects/janatamavi-edu/locations/asia-south2/functions:generateUploadUrl [none]
[debug] [2026-03-07T23:54:09.619Z] <<< [apiv2][status] POST https://cloudfunctions.googleapis.com/v2/projects/janatamavi-edu/locations/asia-south2/functions:generateUploadUrl 200
[debug] [2026-03-07T23:54:09.619Z] <<< [apiv2][body] POST https://cloudfunctions.googleapis.com/v2/projects/janatamavi-edu/locations/asia-south2/functions:generateUploadUrl {"uploadUrl":"https://storage.googleapis.com/gcf-v2-uploads-160642356727.asia-south2.cloudfunctions.appspot.com/39b8f3d6-07c4-4a1e-af10-3f32023db3e2.zip?GoogleAccessId=service-160642356727@gcf-admin-robot.iam.gserviceaccount.com&Expires=1772929445&Signature=I4gcNDOzWlwSqs82mfNyridKY%2F09weBWteZg1ffeFV0NifnDGOM6mQb68vdQwdbF2PZ1%2BDaVATnWlpPPI5GtPtk2ckkXc6yixHmEDEVzdWE0KfxghkqXbczvvnkZVw5xKp9%2FUXEG0l8QQ7SWZAFtDncWfoTBjfROeVlQWOTIYfVicnU%2BUJvAVMdtQd93Cfmn6aciTcrqC60IjACMpyUQoghAYO8747uO%2Bsc2iPRDiKdqEVwHe45zQRHIo32kfSykmnkkMyC8zf%2Fq32ImRyfzdT4YEEGbb1IwqttjLbv3wdq4kcpHim8x7W%2FlRChfdQbwszaKCFRnBn2crcMucRqB%2BA%3D%3D","storageSource":{"bucket":"gcf-v2-uploads-160642356727.asia-south2.cloudfunctions.appspot.com","object":"39b8f3d6-07c4-4a1e-af10-3f32023db3e2.zip"}}
[debug] [2026-03-07T23:54:09.621Z] >>> [apiv2][query] PUT https://storage.googleapis.com/gcf-v2-uploads-160642356727.asia-south2.cloudfunctions.appspot.com/39b8f3d6-07c4-4a1e-af10-3f32023db3e2.zip GoogleAccessId=service-160642356727%40gcf-admin-robot.iam.gserviceaccount.com&Expires=1772929445&Signature=I4gcNDOzWlwSqs82mfNyridKY%2F09weBWteZg1ffeFV0NifnDGOM6mQb68vdQwdbF2PZ1%2BDaVATnWlpPPI5GtPtk2ckkXc6yixHmEDEVzdWE0KfxghkqXbczvvnkZVw5xKp9%2FUXEG0l8QQ7SWZAFtDncWfoTBjfROeVlQWOTIYfVicnU%2BUJvAVMdtQd93Cfmn6aciTcrqC60IjACMpyUQoghAYO8747uO%2Bsc2iPRDiKdqEVwHe45zQRHIo32kfSykmnkkMyC8zf%2Fq32ImRyfzdT4YEEGbb1IwqttjLbv3wdq4kcpHim8x7W%2FlRChfdQbwszaKCFRnBn2crcMucRqB%2BA%3D%3D
[debug] [2026-03-07T23:54:09.621Z] >>> [apiv2][body] PUT https://storage.googleapis.com/gcf-v2-uploads-160642356727.asia-south2.cloudfunctions.appspot.com/39b8f3d6-07c4-4a1e-af10-3f32023db3e2.zip [stream]
[debug] [2026-03-07T23:57:01.973Z] <<< [apiv2][status] PUT https://storage.googleapis.com/gcf-v2-uploads-160642356727.asia-south2.cloudfunctions.appspot.com/39b8f3d6-07c4-4a1e-af10-3f32023db3e2.zip 200
